[ns_server:error,2015-12-14T19:20:12.468Z,ns_1@127.0.0.1:ns_log<0.555.0>:ns_log:handle_cast:209]unable to notify listeners because of badarg
[ns_server:error,2015-12-14T19:20:42.852Z,ns_1@127.0.0.1:index_status_keeper_worker<0.711.0>:index_rest:get_json:45]Request to http://127.0.0.1:9102/getIndexStatus failed: {error,
                                                         {econnrefused,
                                                          [{lhttpc_client,
                                                            send_request,1,
                                                            [{file,
                                                              "/home/couchbase/jenkins/workspace/sherlock-unix/couchdb/src/lhttpc/lhttpc_client.erl"},
                                                             {line,220}]},
                                                           {lhttpc_client,
                                                            execute,9,
                                                            [{file,
                                                              "/home/couchbase/jenkins/workspace/sherlock-unix/couchdb/src/lhttpc/lhttpc_client.erl"},
                                                             {line,169}]},
                                                           {lhttpc_client,
                                                            request,9,
                                                            [{file,
                                                              "/home/couchbase/jenkins/workspace/sherlock-unix/couchdb/src/lhttpc/lhttpc_client.erl"},
                                                             {line,92}]}]}}
[stats:error,2015-12-14T19:20:43.129Z,ns_1@127.0.0.1:<0.753.0>:stats_reader:log_bad_responses:170]Some nodes didn't respond: ['ns_1@127.0.0.1']
[stats:error,2015-12-14T19:20:43.290Z,ns_1@127.0.0.1:<0.753.0>:stats_reader:log_bad_responses:170]Some nodes didn't respond: ['ns_1@127.0.0.1']
[ns_server:error,2015-12-14T19:20:43.602Z,ns_1@127.0.0.1:index_stats_collector<0.936.0>:index_rest:get_json:45]Request to http://127.0.0.1:9102/stats?async=true failed: {error,
                                                           {econnrefused,
                                                            [{lhttpc_client,
                                                              send_request,1,
                                                              [{file,
                                                                "/home/couchbase/jenkins/workspace/sherlock-unix/couchdb/src/lhttpc/lhttpc_client.erl"},
                                                               {line,220}]},
                                                             {lhttpc_client,
                                                              execute,9,
                                                              [{file,
                                                                "/home/couchbase/jenkins/workspace/sherlock-unix/couchdb/src/lhttpc/lhttpc_client.erl"},
                                                               {line,169}]},
                                                             {lhttpc_client,
                                                              request,9,
                                                              [{file,
                                                                "/home/couchbase/jenkins/workspace/sherlock-unix/couchdb/src/lhttpc/lhttpc_client.erl"},
                                                               {line,92}]}]}}
[stats:error,2015-12-14T19:20:43.602Z,ns_1@127.0.0.1:query_stats_collector<0.699.0>:base_stats_collector:handle_info:109](Collector: query_stats_collector) Exception in stats collector: {error,
                                                                  {badmatch,
                                                                   {error,
                                                                    {econnrefused,
                                                                     [{lhttpc_client,
                                                                       send_request,
                                                                       1,
                                                                       [{file,
                                                                         "/home/couchbase/jenkins/workspace/sherlock-unix/couchdb/src/lhttpc/lhttpc_client.erl"},
                                                                        {line,
                                                                         220}]},
                                                                      {lhttpc_client,
                                                                       execute,
                                                                       9,
                                                                       [{file,
                                                                         "/home/couchbase/jenkins/workspace/sherlock-unix/couchdb/src/lhttpc/lhttpc_client.erl"},
                                                                        {line,
                                                                         169}]},
                                                                      {lhttpc_client,
                                                                       request,
                                                                       9,
                                                                       [{file,
                                                                         "/home/couchbase/jenkins/workspace/sherlock-unix/couchdb/src/lhttpc/lhttpc_client.erl"},
                                                                        {line,
                                                                         92}]}]}}},
                                                                  [{query_rest,
                                                                    send,3,
                                                                    [{file,
                                                                      "src/query_rest.erl"},
                                                                     {line,
                                                                      64}]},
                                                                   {query_rest,
                                                                    do_get_stats,
                                                                    0,
                                                                    [{file,
                                                                      "src/query_rest.erl"},
                                                                     {line,
                                                                      43}]},
                                                                   {base_stats_collector,
                                                                    handle_info,
                                                                    2,
                                                                    [{file,
                                                                      "src/base_stats_collector.erl"},
                                                                     {line,
                                                                      89}]},
                                                                   {gen_server,
                                                                    handle_msg,
                                                                    5,
                                                                    [{file,
                                                                      "gen_server.erl"},
                                                                     {line,
                                                                      604}]},
                                                                   {proc_lib,
                                                                    init_p_do_apply,
                                                                    3,
                                                                    [{file,
                                                                      "proc_lib.erl"},
                                                                     {line,
                                                                      239}]}]}

[stats:error,2015-12-14T19:21:02.735Z,ns_1@127.0.0.1:<0.629.0>:stats_reader:log_bad_responses:170]Some nodes didn't respond: ['ns_1@127.0.0.1']
[stats:error,2015-12-14T19:21:29.446Z,ns_1@127.0.0.1:<0.1256.0>:stats_reader:log_bad_responses:170]Some nodes didn't respond: ['ns_1@127.0.0.1']
