2015-12-14T19:20:43.857+00:00 [Info] Indexer started with command line: [/opt/couchbase/bin/indexer -vbuckets=1024 -cluster=127.0.0.1:8091 -adminPort=9100 -scanPort=9101 -httpPort=9102 -streamInitPort=9103 -streamCatchupPort=9104 -streamMaintPort=9105 -storageDir=/opt/couchbase/var/lib/couchbase/index/@2i -diagDir=/opt/couchbase/var/lib/couchbase/crash]
2015-12-14T19:20:43.885+00:00 [Info] Indexer::NewIndexer Status INIT
2015-12-14T19:20:43.887+00:00 [Info] Setting maxcpus = 4
2015-12-14T19:20:43.887+00:00 [Info] Setting buffer block size to 16384 bytes
2015-12-14T19:20:43.887+00:00 [Info] Setting log level to Info
2015-12-14T19:20:43.888+00:00 [Info] Indexer::NewIndexer Starting with Vbuckets 1024
2015-12-14T19:20:43.953+00:00 [Info] New settings received: 
{"indexer.settings.compaction.interval":"00:00,00:00","indexer.settings.persisted_snapshot.interval":5000,"indexer.settings.log_level":"info","indexer.settings.compaction.min_frag":30,"indexer.settings.inmemory_snapshot.interval":200,"indexer.settings.max_cpu_percent":400,"indexer.settings.recovery.max_rollbacks":5,"indexer.settings.memory_quota":268435456}
2015-12-14T19:20:43.954+00:00 [Info] Setting maxcpus = 4
2015-12-14T19:20:43.954+00:00 [Info] Setting log level to Info
2015-12-14T19:20:43.954+00:00 [Info] [Queryport ":9101"] started ...
2015-12-14T19:20:44.125+00:00 [Info] ClustMgr:handleGetLocalValue Key IndexerId
2015-12-14T19:20:44.126+00:00 [Info] ClustMgr:handleSetLocalValue Key IndexerId Value 52:c7:83:17:34:5f:9a:88
2015-12-14T19:20:44.127+00:00 [Info] Indexer Id 52:c7:83:17:34:5f:9a:88
2015-12-14T19:20:44.148+00:00 [Info] KVSender::sendShutdownTopic Projector 127.0.0.1:9999 Topic MAINT_STREAM_TOPIC_52:c7:83:17:34:5f:9a:88
2015-12-14T19:20:44.149+00:00 [Fatal] KVSender::sendShutdownTopic Unexpected Error During Shutdown Projector 127.0.0.1:9999 Topic MAINT_STREAM_TOPIC_52:c7:83:17:34:5f:9a:88. Err projector.topicMissing
2015-12-14T19:20:44.149+00:00 [Error] KVSender::closeMutationStream MAINT_STREAM  Error Received projector.topicMissing from 127.0.0.1:9999
2015-12-14T19:20:44.149+00:00 [Info] KVSender::closeMutationStream MAINT_STREAM  Treating projector.topicMissing As Success
2015-12-14T19:20:44.158+00:00 [Info] KVSender::sendShutdownTopic Projector 127.0.0.1:9999 Topic INIT_STREAM_TOPIC_52:c7:83:17:34:5f:9a:88
2015-12-14T19:20:44.159+00:00 [Fatal] KVSender::sendShutdownTopic Unexpected Error During Shutdown Projector 127.0.0.1:9999 Topic INIT_STREAM_TOPIC_52:c7:83:17:34:5f:9a:88. Err projector.topicMissing
2015-12-14T19:20:44.159+00:00 [Error] KVSender::closeMutationStream INIT_STREAM  Error Received projector.topicMissing from 127.0.0.1:9999
2015-12-14T19:20:44.159+00:00 [Info] KVSender::closeMutationStream INIT_STREAM  Treating projector.topicMissing As Success
2015-12-14T19:20:44.159+00:00 [Info] ClustMgr:handleGetGlobalTopology &{map[]}
2015-12-14T19:20:44.159+00:00 [Info] Indexer::initFromPersistedState Recovered IndexInstMap 
2015-12-14T19:20:44.159+00:00 [Info] MutationMgr::handleUpdateIndexInstMap 
	Message: MsgUpdateInstMap
2015-12-14T19:20:44.159+00:00 [Info] MutationMgr::handleUpdateIndexPartnMap 
	Message: MsgUpdatePartnMap
2015-12-14T19:20:44.159+00:00 [Info] ClustMgr:handleIndexerReady &{52 [] {false false false false}  0}
2015-12-14T19:20:44.159+00:00 [Info] Indexer::NewIndexer Status ACTIVE
2015-12-14T19:20:44.159+00:00 [Info] CompactionManager: Refreshing settings
2015-12-14T19:21:44.127+00:00 [Info] PeriodicStats = {"memory_quota":268435456,"memory_used":94208,"needs_restart":false,"num_connections":0,"timings/stats_response":"72 4670181 375027963383"}
2015-12-14T19:22:44.184+00:00 [Info] PeriodicStats = {"memory_quota":268435456,"memory_used":94208,"needs_restart":false,"num_connections":0,"timings/stats_response":"144 9555890 787575924554"}
2015-12-14T19:23:44.185+00:00 [Info] PeriodicStats = {"memory_quota":268435456,"memory_used":94208,"needs_restart":false,"num_connections":0,"timings/stats_response":"216 13996892 1093840147822"}
2015-12-14T19:24:44.232+00:00 [Info] PeriodicStats = {"memory_quota":268435456,"memory_used":94208,"needs_restart":false,"num_connections":0,"timings/stats_response":"287 19066393 1929366455591"}
2015-12-14T19:25:44.233+00:00 [Info] PeriodicStats = {"memory_quota":268435456,"memory_used":94208,"needs_restart":false,"num_connections":0,"timings/stats_response":"359 23812306 2313236914380"}
2015-12-14T19:26:44.305+00:00 [Info] PeriodicStats = {"memory_quota":268435456,"memory_used":94208,"needs_restart":false,"num_connections":0,"timings/stats_response":"431 29062241 2820130107205"}
2015-12-14T19:27:44.306+00:00 [Info] PeriodicStats = {"memory_quota":268435456,"memory_used":94208,"needs_restart":false,"num_connections":0,"timings/stats_response":"503 34182255 3276926726131"}
2015-12-14T19:28:44.367+00:00 [Info] PeriodicStats = {"memory_quota":268435456,"memory_used":94208,"needs_restart":false,"num_connections":0,"timings/stats_response":"575 39383842 3773436457836"}
2015-12-14T19:29:44.374+00:00 [Info] PeriodicStats = {"memory_quota":268435456,"memory_used":94208,"needs_restart":false,"num_connections":0,"timings/stats_response":"647 44038096 4127507527974"}
2015-12-14T19:30:44.426+00:00 [Info] PeriodicStats = {"memory_quota":268435456,"memory_used":94208,"needs_restart":false,"num_connections":0,"timings/stats_response":"719 49114083 4530104253517"}
2015-12-14T19:31:44.427+00:00 [Info] PeriodicStats = {"memory_quota":268435456,"memory_used":94208,"needs_restart":false,"num_connections":0,"timings/stats_response":"791 55475780 5663147970482"}
2015-12-14T19:32:44.485+00:00 [Info] PeriodicStats = {"memory_quota":268435456,"memory_used":94208,"needs_restart":false,"num_connections":0,"timings/stats_response":"863 60857377 6255514416647"}
2015-12-14T19:33:44.485+00:00 [Info] PeriodicStats = {"memory_quota":268435456,"memory_used":94208,"needs_restart":false,"num_connections":0,"timings/stats_response":"935 65332631 6585696785853"}
