[ns_server:info,2015-12-14T19:19:52.846Z,couchdb_ns_1@127.0.0.1:<0.40.0>:ns_couchdb:init_logging:120]Brought up ns_couchdb logging
[ns_server:debug,2015-12-14T19:19:52.862Z,couchdb_ns_1@127.0.0.1:<0.40.0>:dist_manager:configure_net_kernel:255]Set net_kernel vebosity to 10 -> 0
[ns_server:info,2015-12-14T19:19:52.864Z,couchdb_ns_1@127.0.0.1:<0.40.0>:ns_couchdb:start:46]CouchDB node 'couchdb_ns_1@127.0.0.1' was initialized for 'ns_1@127.0.0.1'. Cookie: eozgttdgqzjfaiiz
[error_logger:info,2015-12-14T19:19:52.940Z,couchdb_ns_1@127.0.0.1:error_logger<0.6.0>:ale_error_logger_handler:do_log:203]
=========================PROGRESS REPORT=========================
          supervisor: {local,cb_couch_sup}
             started: [{pid,<0.81.0>},
                       {name,cb_auth_info},
                       {mfargs,{cb_auth_info,start_link,[]}},
                       {restart_type,permanent},
                       {shutdown,brutal_kill},
                       {child_type,worker}]

[error_logger:info,2015-12-14T19:19:52.978Z,couchdb_ns_1@127.0.0.1:error_logger<0.6.0>:ale_error_logger_handler:do_log:203]
=========================PROGRESS REPORT=========================
          supervisor: {local,crypto_sup}
             started: [{pid,<0.86.0>},
                       {name,crypto_server},
                       {mfargs,{crypto_server,start_link,[]}},
                       {restart_type,permanent},
                       {shutdown,2000},
                       {child_type,worker}]

[error_logger:info,2015-12-14T19:19:52.978Z,couchdb_ns_1@127.0.0.1:error_logger<0.6.0>:ale_error_logger_handler:do_log:203]
=========================PROGRESS REPORT=========================
         application: crypto
          started_at: 'couchdb_ns_1@127.0.0.1'

[error_logger:info,2015-12-14T19:19:52.985Z,couchdb_ns_1@127.0.0.1:error_logger<0.6.0>:ale_error_logger_handler:do_log:203]
=========================PROGRESS REPORT=========================
         application: asn1
          started_at: 'couchdb_ns_1@127.0.0.1'

[error_logger:info,2015-12-14T19:19:52.990Z,couchdb_ns_1@127.0.0.1:error_logger<0.6.0>:ale_error_logger_handler:do_log:203]
=========================PROGRESS REPORT=========================
         application: public_key
          started_at: 'couchdb_ns_1@127.0.0.1'

[error_logger:info,2015-12-14T19:19:53.006Z,couchdb_ns_1@127.0.0.1:error_logger<0.6.0>:ale_error_logger_handler:do_log:203]
=========================PROGRESS REPORT=========================
          supervisor: {local,sasl_safe_sup}
             started: [{pid,<0.94.0>},
                       {name,alarm_handler},
                       {mfargs,{alarm_handler,start_link,[]}},
                       {restart_type,permanent},
                       {shutdown,2000},
                       {child_type,worker}]

[error_logger:info,2015-12-14T19:19:53.011Z,couchdb_ns_1@127.0.0.1:error_logger<0.6.0>:ale_error_logger_handler:do_log:203]
=========================PROGRESS REPORT=========================
          supervisor: {local,sasl_safe_sup}
             started: [{pid,<0.95.0>},
                       {name,overload},
                       {mfargs,{overload,start_link,[]}},
                       {restart_type,permanent},
                       {shutdown,2000},
                       {child_type,worker}]

[error_logger:info,2015-12-14T19:19:53.012Z,couchdb_ns_1@127.0.0.1:error_logger<0.6.0>:ale_error_logger_handler:do_log:203]
=========================PROGRESS REPORT=========================
          supervisor: {local,sasl_sup}
             started: [{pid,<0.93.0>},
                       {name,sasl_safe_sup},
                       {mfargs,
                           {supervisor,start_link,
                               [{local,sasl_safe_sup},sasl,safe]}},
                       {restart_type,permanent},
                       {shutdown,infinity},
                       {child_type,supervisor}]

[error_logger:info,2015-12-14T19:19:53.027Z,couchdb_ns_1@127.0.0.1:error_logger<0.6.0>:ale_error_logger_handler:do_log:203]
=========================PROGRESS REPORT=========================
          supervisor: {local,sasl_sup}
             started: [{pid,<0.96.0>},
                       {name,release_handler},
                       {mfargs,{release_handler,start_link,[]}},
                       {restart_type,permanent},
                       {shutdown,2000},
                       {child_type,worker}]

[error_logger:info,2015-12-14T19:19:53.028Z,couchdb_ns_1@127.0.0.1:error_logger<0.6.0>:ale_error_logger_handler:do_log:203]
=========================PROGRESS REPORT=========================
         application: sasl
          started_at: 'couchdb_ns_1@127.0.0.1'

[error_logger:info,2015-12-14T19:19:53.052Z,couchdb_ns_1@127.0.0.1:error_logger<0.6.0>:ale_error_logger_handler:do_log:203]
=========================PROGRESS REPORT=========================
          supervisor: {local,inets_sup}
             started: [{pid,<0.102.0>},
                       {name,ftp_sup},
                       {mfargs,{ftp_sup,start_link,[]}},
                       {restart_type,permanent},
                       {shutdown,infinity},
                       {child_type,supervisor}]

[error_logger:info,2015-12-14T19:19:53.086Z,couchdb_ns_1@127.0.0.1:error_logger<0.6.0>:ale_error_logger_handler:do_log:203]
=========================PROGRESS REPORT=========================
          supervisor: {local,httpc_profile_sup}
             started: [{pid,<0.106.0>},
                       {name,httpc_manager},
                       {mfargs,
                           {httpc_manager,start_link,
                               [default,only_session_cookies,inets]}},
                       {restart_type,permanent},
                       {shutdown,4000},
                       {child_type,worker}]

[error_logger:info,2015-12-14T19:19:53.087Z,couchdb_ns_1@127.0.0.1:error_logger<0.6.0>:ale_error_logger_handler:do_log:203]
=========================PROGRESS REPORT=========================
          supervisor: {local,httpc_sup}
             started: [{pid,<0.105.0>},
                       {name,httpc_profile_sup},
                       {mfargs,
                           {httpc_profile_sup,start_link,
                               [[{httpc,{default,only_session_cookies}}]]}},
                       {restart_type,permanent},
                       {shutdown,infinity},
                       {child_type,supervisor}]

[error_logger:info,2015-12-14T19:19:53.094Z,couchdb_ns_1@127.0.0.1:error_logger<0.6.0>:ale_error_logger_handler:do_log:203]
=========================PROGRESS REPORT=========================
          supervisor: {local,httpc_sup}
             started: [{pid,<0.107.0>},
                       {name,httpc_handler_sup},
                       {mfargs,{httpc_handler_sup,start_link,[]}},
                       {restart_type,permanent},
                       {shutdown,infinity},
                       {child_type,supervisor}]

[error_logger:info,2015-12-14T19:19:53.094Z,couchdb_ns_1@127.0.0.1:error_logger<0.6.0>:ale_error_logger_handler:do_log:203]
=========================PROGRESS REPORT=========================
          supervisor: {local,inets_sup}
             started: [{pid,<0.104.0>},
                       {name,httpc_sup},
                       {mfargs,
                           {httpc_sup,start_link,
                               [[{httpc,{default,only_session_cookies}}]]}},
                       {restart_type,permanent},
                       {shutdown,infinity},
                       {child_type,supervisor}]

[error_logger:info,2015-12-14T19:19:53.103Z,couchdb_ns_1@127.0.0.1:error_logger<0.6.0>:ale_error_logger_handler:do_log:203]
=========================PROGRESS REPORT=========================
          supervisor: {local,inets_sup}
             started: [{pid,<0.108.0>},
                       {name,httpd_sup},
                       {mfargs,{httpd_sup,start_link,[[]]}},
                       {restart_type,permanent},
                       {shutdown,infinity},
                       {child_type,supervisor}]

[error_logger:info,2015-12-14T19:19:53.121Z,couchdb_ns_1@127.0.0.1:error_logger<0.6.0>:ale_error_logger_handler:do_log:203]
=========================PROGRESS REPORT=========================
          supervisor: {local,inets_sup}
             started: [{pid,<0.109.0>},
                       {name,tftp_sup},
                       {mfargs,{tftp_sup,start_link,[[]]}},
                       {restart_type,permanent},
                       {shutdown,infinity},
                       {child_type,supervisor}]

[error_logger:info,2015-12-14T19:19:53.121Z,couchdb_ns_1@127.0.0.1:error_logger<0.6.0>:ale_error_logger_handler:do_log:203]
=========================PROGRESS REPORT=========================
         application: inets
          started_at: 'couchdb_ns_1@127.0.0.1'

[error_logger:info,2015-12-14T19:19:53.121Z,couchdb_ns_1@127.0.0.1:error_logger<0.6.0>:ale_error_logger_handler:do_log:203]
=========================PROGRESS REPORT=========================
         application: oauth
          started_at: 'couchdb_ns_1@127.0.0.1'

[error_logger:info,2015-12-14T19:19:53.153Z,couchdb_ns_1@127.0.0.1:error_logger<0.6.0>:ale_error_logger_handler:do_log:203]
=========================PROGRESS REPORT=========================
          supervisor: {local,ssl_sup}
             started: [{pid,<0.115.0>},
                       {name,ssl_manager},
                       {mfargs,{ssl_manager,start_link,[[]]}},
                       {restart_type,permanent},
                       {shutdown,4000},
                       {child_type,worker}]

[error_logger:info,2015-12-14T19:19:53.158Z,couchdb_ns_1@127.0.0.1:error_logger<0.6.0>:ale_error_logger_handler:do_log:203]
=========================PROGRESS REPORT=========================
          supervisor: {local,ssl_sup}
             started: [{pid,<0.116.0>},
                       {name,tls_connection},
                       {mfargs,{tls_connection_sup,start_link,[]}},
                       {restart_type,permanent},
                       {shutdown,4000},
                       {child_type,supervisor}]

[error_logger:info,2015-12-14T19:19:53.159Z,couchdb_ns_1@127.0.0.1:error_logger<0.6.0>:ale_error_logger_handler:do_log:203]
=========================PROGRESS REPORT=========================
         application: ssl
          started_at: 'couchdb_ns_1@127.0.0.1'

[error_logger:info,2015-12-14T19:19:53.188Z,couchdb_ns_1@127.0.0.1:error_logger<0.6.0>:ale_error_logger_handler:do_log:203]
=========================PROGRESS REPORT=========================
          supervisor: {local,lhttpc_sup}
             started: [{pid,<0.121.0>},
                       {name,lhttpc_manager},
                       {mfargs,
                           {lhttpc_manager,start_link,
                               [[{name,lhttpc_manager}]]}},
                       {restart_type,permanent},
                       {shutdown,10000},
                       {child_type,worker}]

[error_logger:info,2015-12-14T19:19:53.188Z,couchdb_ns_1@127.0.0.1:error_logger<0.6.0>:ale_error_logger_handler:do_log:203]
=========================PROGRESS REPORT=========================
         application: lhttpc
          started_at: 'couchdb_ns_1@127.0.0.1'

[error_logger:info,2015-12-14T19:19:53.192Z,couchdb_ns_1@127.0.0.1:error_logger<0.6.0>:ale_error_logger_handler:do_log:203]
=========================PROGRESS REPORT=========================
         application: xmerl
          started_at: 'couchdb_ns_1@127.0.0.1'

[error_logger:info,2015-12-14T19:19:53.199Z,couchdb_ns_1@127.0.0.1:error_logger<0.6.0>:ale_error_logger_handler:do_log:203]
=========================PROGRESS REPORT=========================
         application: compiler
          started_at: 'couchdb_ns_1@127.0.0.1'

[error_logger:info,2015-12-14T19:19:53.211Z,couchdb_ns_1@127.0.0.1:error_logger<0.6.0>:ale_error_logger_handler:do_log:203]
=========================PROGRESS REPORT=========================
         application: syntax_tools
          started_at: 'couchdb_ns_1@127.0.0.1'

[error_logger:info,2015-12-14T19:19:53.211Z,couchdb_ns_1@127.0.0.1:error_logger<0.6.0>:ale_error_logger_handler:do_log:203]
=========================PROGRESS REPORT=========================
         application: mochiweb
          started_at: 'couchdb_ns_1@127.0.0.1'

[error_logger:info,2015-12-14T19:19:53.228Z,couchdb_ns_1@127.0.0.1:error_logger<0.6.0>:ale_error_logger_handler:do_log:203]
=========================PROGRESS REPORT=========================
          supervisor: {local,os_mon_sup}
             started: [{pid,<0.130.0>},
                       {name,disksup},
                       {mfargs,{disksup,start_link,[]}},
                       {restart_type,permanent},
                       {shutdown,2000},
                       {child_type,worker}]

[error_logger:info,2015-12-14T19:19:53.248Z,couchdb_ns_1@127.0.0.1:error_logger<0.6.0>:ale_error_logger_handler:do_log:203]
=========================PROGRESS REPORT=========================
          supervisor: {local,os_mon_sup}
             started: [{pid,<0.131.0>},
                       {name,memsup},
                       {mfargs,{memsup,start_link,[]}},
                       {restart_type,permanent},
                       {shutdown,2000},
                       {child_type,worker}]

[error_logger:info,2015-12-14T19:19:53.278Z,couchdb_ns_1@127.0.0.1:error_logger<0.6.0>:ale_error_logger_handler:do_log:203]
=========================PROGRESS REPORT=========================
          supervisor: {local,os_mon_sup}
             started: [{pid,<0.133.0>},
                       {name,cpu_sup},
                       {mfargs,{cpu_sup,start_link,[]}},
                       {restart_type,permanent},
                       {shutdown,2000},
                       {child_type,worker}]

[error_logger:info,2015-12-14T19:19:53.278Z,couchdb_ns_1@127.0.0.1:error_logger<0.6.0>:ale_error_logger_handler:do_log:203]
=========================PROGRESS REPORT=========================
         application: os_mon
          started_at: 'couchdb_ns_1@127.0.0.1'

[error_logger:info,2015-12-14T19:19:53.301Z,couchdb_ns_1@127.0.0.1:error_logger<0.6.0>:ale_error_logger_handler:do_log:203]
=========================PROGRESS REPORT=========================
         application: couch_view_parser
          started_at: 'couchdb_ns_1@127.0.0.1'

[error_logger:info,2015-12-14T19:19:53.307Z,couchdb_ns_1@127.0.0.1:error_logger<0.6.0>:ale_error_logger_handler:do_log:203]
=========================PROGRESS REPORT=========================
         application: couch_set_view
          started_at: 'couchdb_ns_1@127.0.0.1'

[error_logger:info,2015-12-14T19:19:53.312Z,couchdb_ns_1@127.0.0.1:error_logger<0.6.0>:ale_error_logger_handler:do_log:203]
=========================PROGRESS REPORT=========================
         application: couch_index_merger
          started_at: 'couchdb_ns_1@127.0.0.1'

[error_logger:info,2015-12-14T19:19:53.333Z,couchdb_ns_1@127.0.0.1:error_logger<0.6.0>:ale_error_logger_handler:do_log:203]
=========================PROGRESS REPORT=========================
         application: mapreduce
          started_at: 'couchdb_ns_1@127.0.0.1'

[error_logger:info,2015-12-14T19:19:53.481Z,couchdb_ns_1@127.0.0.1:error_logger<0.6.0>:ale_error_logger_handler:do_log:203]
=========================PROGRESS REPORT=========================
          supervisor: {local,couch_server_sup}
             started: [{pid,<0.140.0>},
                       {name,couch_config},
                       {mfargs,
                           {couch_server_sup,couch_config_start_link_wrapper,
                               [["/opt/couchbase/etc/couchdb/default.ini",
                                 "/opt/couchbase/etc/couchdb/default.d/capi.ini",
                                 "/opt/couchbase/etc/couchdb/default.d/geocouch.ini",
                                 "/opt/couchbase/etc/couchdb/local.ini"],
                                <0.140.0>]}},
                       {restart_type,permanent},
                       {shutdown,brutal_kill},
                       {child_type,worker}]

[error_logger:info,2015-12-14T19:19:53.507Z,couchdb_ns_1@127.0.0.1:error_logger<0.6.0>:ale_error_logger_handler:do_log:203]
=========================PROGRESS REPORT=========================
          supervisor: {local,kernel_safe_sup}
             started: [{pid,<0.142.0>},
                       {name,timer_server},
                       {mfargs,{timer,start_link,[]}},
                       {restart_type,permanent},
                       {shutdown,1000},
                       {child_type,worker}]

[error_logger:info,2015-12-14T19:19:53.516Z,couchdb_ns_1@127.0.0.1:error_logger<0.6.0>:ale_error_logger_handler:do_log:203]
=========================PROGRESS REPORT=========================
          supervisor: {local,couch_primary_services}
             started: [{pid,<0.144.0>},
                       {name,couch_task_events},
                       {mfargs,
                           {gen_event,start_link,[{local,couch_task_events}]}},
                       {restart_type,permanent},
                       {shutdown,brutal_kill},
                       {child_type,worker}]

[error_logger:info,2015-12-14T19:19:53.523Z,couchdb_ns_1@127.0.0.1:error_logger<0.6.0>:ale_error_logger_handler:do_log:203]
=========================PROGRESS REPORT=========================
          supervisor: {local,couch_primary_services}
             started: [{pid,<0.145.0>},
                       {name,couch_task_status},
                       {mfargs,{couch_task_status,start_link,[]}},
                       {restart_type,permanent},
                       {shutdown,brutal_kill},
                       {child_type,worker}]

[error_logger:info,2015-12-14T19:19:53.529Z,couchdb_ns_1@127.0.0.1:error_logger<0.6.0>:ale_error_logger_handler:do_log:203]
=========================PROGRESS REPORT=========================
          supervisor: {local,couch_primary_services}
             started: [{pid,<0.146.0>},
                       {name,couch_file_write_guard},
                       {mfargs,{couch_file_write_guard,sup_start_link,[]}},
                       {restart_type,permanent},
                       {shutdown,10000},
                       {child_type,worker}]

[error_logger:info,2015-12-14T19:19:53.547Z,couchdb_ns_1@127.0.0.1:error_logger<0.6.0>:ale_error_logger_handler:do_log:203]
=========================PROGRESS REPORT=========================
          supervisor: {local,couch_primary_services}
             started: [{pid,<0.147.0>},
                       {name,couch_server},
                       {mfargs,{couch_server,sup_start_link,[]}},
                       {restart_type,permanent},
                       {shutdown,brutal_kill},
                       {child_type,worker}]

[error_logger:info,2015-12-14T19:19:53.548Z,couchdb_ns_1@127.0.0.1:error_logger<0.6.0>:ale_error_logger_handler:do_log:203]
=========================PROGRESS REPORT=========================
          supervisor: {local,couch_primary_services}
             started: [{pid,<0.148.0>},
                       {name,couch_db_update_event},
                       {mfargs,
                           {gen_event,start_link,[{local,couch_db_update}]}},
                       {restart_type,permanent},
                       {shutdown,brutal_kill},
                       {child_type,worker}]

[error_logger:info,2015-12-14T19:19:53.548Z,couchdb_ns_1@127.0.0.1:error_logger<0.6.0>:ale_error_logger_handler:do_log:203]
=========================PROGRESS REPORT=========================
          supervisor: {local,couch_primary_services}
             started: [{pid,<0.149.0>},
                       {name,couch_replication_event},
                       {mfargs,
                           {gen_event,start_link,[{local,couch_replication}]}},
                       {restart_type,permanent},
                       {shutdown,brutal_kill},
                       {child_type,worker}]

[error_logger:info,2015-12-14T19:19:53.562Z,couchdb_ns_1@127.0.0.1:error_logger<0.6.0>:ale_error_logger_handler:do_log:203]
=========================PROGRESS REPORT=========================
          supervisor: {local,couch_primary_services}
             started: [{pid,<0.150.0>},
                       {name,couch_replication_supervisor},
                       {mfargs,{couch_rep_sup,start_link,[]}},
                       {restart_type,permanent},
                       {shutdown,infinity},
                       {child_type,supervisor}]

[error_logger:info,2015-12-14T19:19:53.567Z,couchdb_ns_1@127.0.0.1:error_logger<0.6.0>:ale_error_logger_handler:do_log:203]
=========================PROGRESS REPORT=========================
          supervisor: {local,couch_primary_services}
             started: [{pid,<0.151.0>},
                       {name,couch_log},
                       {mfargs,{couch_log,start_link,[]}},
                       {restart_type,permanent},
                       {shutdown,brutal_kill},
                       {child_type,worker}]

[error_logger:info,2015-12-14T19:19:53.581Z,couchdb_ns_1@127.0.0.1:error_logger<0.6.0>:ale_error_logger_handler:do_log:203]
=========================PROGRESS REPORT=========================
          supervisor: {local,couch_primary_services}
             started: [{pid,<0.152.0>},
                       {name,couch_main_index_barrier},
                       {mfargs,
                           {couch_index_barrier,start_link,
                               [couch_main_index_barrier,
                                "max_parallel_indexers"]}},
                       {restart_type,permanent},
                       {shutdown,brutal_kill},
                       {child_type,worker}]

[error_logger:info,2015-12-14T19:19:53.581Z,couchdb_ns_1@127.0.0.1:error_logger<0.6.0>:ale_error_logger_handler:do_log:203]
=========================PROGRESS REPORT=========================
          supervisor: {local,couch_primary_services}
             started: [{pid,<0.153.0>},
                       {name,couch_replica_index_barrier},
                       {mfargs,
                           {couch_index_barrier,start_link,
                               [couch_replica_index_barrier,
                                "max_parallel_replica_indexers"]}},
                       {restart_type,permanent},
                       {shutdown,brutal_kill},
                       {child_type,worker}]

[error_logger:info,2015-12-14T19:19:53.581Z,couchdb_ns_1@127.0.0.1:error_logger<0.6.0>:ale_error_logger_handler:do_log:203]
=========================PROGRESS REPORT=========================
          supervisor: {local,couch_primary_services}
             started: [{pid,<0.154.0>},
                       {name,couch_spatial_index_barrier},
                       {mfargs,
                           {couch_index_barrier,start_link,
                               [couch_spatial_index_barrier,
                                "max_parallel_spatial_indexers"]}},
                       {restart_type,permanent},
                       {shutdown,brutal_kill},
                       {child_type,worker}]

[error_logger:info,2015-12-14T19:19:53.582Z,couchdb_ns_1@127.0.0.1:error_logger<0.6.0>:ale_error_logger_handler:do_log:203]
=========================PROGRESS REPORT=========================
          supervisor: {local,couch_server_sup}
             started: [{pid,<0.143.0>},
                       {name,couch_primary_services},
                       {mfargs,{couch_primary_sup,start_link,[]}},
                       {restart_type,permanent},
                       {shutdown,infinity},
                       {child_type,supervisor}]

[error_logger:info,2015-12-14T19:19:53.591Z,couchdb_ns_1@127.0.0.1:error_logger<0.6.0>:ale_error_logger_handler:do_log:203]
=========================PROGRESS REPORT=========================
          supervisor: {local,couch_secondary_services}
             started: [{pid,<0.156.0>},
                       {name,couch_db_update_notifier_sup},
                       {mfargs,{couch_db_update_notifier_sup,start_link,[]}},
                       {restart_type,permanent},
                       {shutdown,infinity},
                       {child_type,supervisor}]

[error_logger:info,2015-12-14T19:19:53.644Z,couchdb_ns_1@127.0.0.1:error_logger<0.6.0>:ale_error_logger_handler:do_log:203]
=========================PROGRESS REPORT=========================
          supervisor: {local,couch_secondary_services}
             started: [{pid,<0.157.0>},
                       {name,spatial_view_manager_dev},
                       {mfargs,{couch_set_view,start_link,[dev,spatial_view]}},
                       {restart_type,permanent},
                       {shutdown,brutal_kill},
                       {child_type,worker}]

[error_logger:info,2015-12-14T19:19:53.645Z,couchdb_ns_1@127.0.0.1:error_logger<0.6.0>:ale_error_logger_handler:do_log:203]
=========================PROGRESS REPORT=========================
          supervisor: {local,couch_secondary_services}
             started: [{pid,<0.160.0>},
                       {name,index_merger_pool},
                       {mfargs,
                           {lhttpc_manager,start_link,
                               [[{connection_timeout,90000},
                                 {pool_size,10000},
                                 {name,couch_index_merger_connection_pool}]]}},
                       {restart_type,permanent},
                       {shutdown,brutal_kill},
                       {child_type,worker}]

[error_logger:info,2015-12-14T19:19:53.658Z,couchdb_ns_1@127.0.0.1:error_logger<0.6.0>:ale_error_logger_handler:do_log:203]
=========================PROGRESS REPORT=========================
          supervisor: {local,couch_secondary_services}
             started: [{pid,<0.161.0>},
                       {name,query_servers},
                       {mfargs,{couch_query_servers,start_link,[]}},
                       {restart_type,permanent},
                       {shutdown,brutal_kill},
                       {child_type,worker}]

[error_logger:info,2015-12-14T19:19:53.662Z,couchdb_ns_1@127.0.0.1:error_logger<0.6.0>:ale_error_logger_handler:do_log:203]
=========================PROGRESS REPORT=========================
          supervisor: {local,couch_secondary_services}
             started: [{pid,<0.163.0>},
                       {name,couch_set_view_ddoc_cache},
                       {mfargs,{couch_set_view_ddoc_cache,start_link,[]}},
                       {restart_type,permanent},
                       {shutdown,brutal_kill},
                       {child_type,worker}]

[error_logger:info,2015-12-14T19:19:53.679Z,couchdb_ns_1@127.0.0.1:error_logger<0.6.0>:ale_error_logger_handler:do_log:203]
=========================PROGRESS REPORT=========================
          supervisor: {local,couch_secondary_services}
             started: [{pid,<0.165.0>},
                       {name,view_manager},
                       {mfargs,{couch_view,start_link,[]}},
                       {restart_type,permanent},
                       {shutdown,brutal_kill},
                       {child_type,worker}]

[error_logger:info,2015-12-14T19:19:53.700Z,couchdb_ns_1@127.0.0.1:error_logger<0.6.0>:ale_error_logger_handler:do_log:203]
=========================PROGRESS REPORT=========================
          supervisor: {local,couch_secondary_services}
             started: [{pid,<0.167.0>},
                       {name,uuids},
                       {mfargs,{couch_uuids,start,[]}},
                       {restart_type,permanent},
                       {shutdown,brutal_kill},
                       {child_type,worker}]

[error_logger:info,2015-12-14T19:19:53.704Z,couchdb_ns_1@127.0.0.1:error_logger<0.6.0>:ale_error_logger_handler:do_log:203]
=========================PROGRESS REPORT=========================
          supervisor: {local,couch_secondary_services}
             started: [{pid,<0.169.0>},
                       {name,spatial_view_manager},
                       {mfargs,
                           {couch_set_view,start_link,[prod,spatial_view]}},
                       {restart_type,permanent},
                       {shutdown,brutal_kill},
                       {child_type,worker}]

[error_logger:info,2015-12-14T19:19:53.738Z,couchdb_ns_1@127.0.0.1:error_logger<0.6.0>:ale_error_logger_handler:do_log:203]
=========================PROGRESS REPORT=========================
          supervisor: {local,couch_secondary_services}
             started: [{pid,<0.171.0>},
                       {name,httpd},
                       {mfargs,{couch_httpd,start_link,[]}},
                       {restart_type,permanent},
                       {shutdown,brutal_kill},
                       {child_type,worker}]

[error_logger:info,2015-12-14T19:19:53.749Z,couchdb_ns_1@127.0.0.1:error_logger<0.6.0>:ale_error_logger_handler:do_log:203]
=========================PROGRESS REPORT=========================
          supervisor: {local,couch_secondary_services}
             started: [{pid,<0.188.0>},
                       {name,set_view_manager_dev},
                       {mfargs,
                           {couch_set_view,start_link,[dev,mapreduce_view]}},
                       {restart_type,permanent},
                       {shutdown,brutal_kill},
                       {child_type,worker}]

[error_logger:info,2015-12-14T19:19:53.850Z,couchdb_ns_1@127.0.0.1:error_logger<0.6.0>:ale_error_logger_handler:do_log:203]
=========================PROGRESS REPORT=========================
          supervisor: {local,couch_secondary_services}
             started: [{pid,<0.190.0>},
                       {name,auth_cache},
                       {mfargs,{couch_auth_cache,start_link,[]}},
                       {restart_type,permanent},
                       {shutdown,brutal_kill},
                       {child_type,worker}]

[error_logger:info,2015-12-14T19:19:53.860Z,couchdb_ns_1@127.0.0.1:error_logger<0.6.0>:ale_error_logger_handler:do_log:203]
=========================PROGRESS REPORT=========================
          supervisor: {local,couch_secondary_services}
             started: [{pid,<0.201.0>},
                       {name,set_view_manager},
                       {mfargs,
                           {couch_set_view,start_link,[prod,mapreduce_view]}},
                       {restart_type,permanent},
                       {shutdown,brutal_kill},
                       {child_type,worker}]

[error_logger:info,2015-12-14T19:19:53.860Z,couchdb_ns_1@127.0.0.1:error_logger<0.6.0>:ale_error_logger_handler:do_log:203]
=========================PROGRESS REPORT=========================
          supervisor: {local,couch_server_sup}
             started: [{pid,<0.155.0>},
                       {name,couch_secondary_services},
                       {mfargs,{couch_secondary_sup,start_link,[]}},
                       {restart_type,permanent},
                       {shutdown,infinity},
                       {child_type,supervisor}]

[error_logger:info,2015-12-14T19:19:53.861Z,couchdb_ns_1@127.0.0.1:error_logger<0.6.0>:ale_error_logger_handler:do_log:203]
=========================PROGRESS REPORT=========================
          supervisor: {local,cb_couch_sup}
             started: [{pid,<0.141.0>},
                       {name,couch_app},
                       {mfargs,
                           {couch_app,start,
                               [fake,
                                ["/opt/couchbase/etc/couchdb/default.ini",
                                 "/opt/couchbase/etc/couchdb/local.ini"]]}},
                       {restart_type,permanent},
                       {shutdown,infinity},
                       {child_type,supervisor}]

[error_logger:info,2015-12-14T19:19:53.861Z,couchdb_ns_1@127.0.0.1:error_logger<0.6.0>:ale_error_logger_handler:do_log:203]
=========================PROGRESS REPORT=========================
          supervisor: {local,ns_couchdb_sup}
             started: [{pid,<0.80.0>},
                       {name,cb_couch_sup},
                       {mfargs,{cb_couch_sup,start_link,[]}},
                       {restart_type,permanent},
                       {shutdown,5000},
                       {child_type,supervisor}]

[error_logger:info,2015-12-14T19:19:53.883Z,couchdb_ns_1@127.0.0.1:error_logger<0.6.0>:ale_error_logger_handler:do_log:203]
=========================PROGRESS REPORT=========================
          supervisor: {local,ns_couchdb_sup}
             started: [{pid,<0.204.0>},
                       {name,ns_memcached_sockets_pool},
                       {mfargs,{ns_memcached_sockets_pool,start_link,[]}},
                       {restart_type,permanent},
                       {shutdown,1000},
                       {child_type,worker}]

[error_logger:info,2015-12-14T19:19:53.885Z,couchdb_ns_1@127.0.0.1:error_logger<0.6.0>:ale_error_logger_handler:do_log:203]
=========================PROGRESS REPORT=========================
          supervisor: {local,ns_couchdb_sup}
             started: [{pid,<0.205.0>},
                       {name,xdcr_dcp_sockets_pool},
                       {mfargs,{xdcr_dcp_sockets_pool,start_link,[]}},
                       {restart_type,permanent},
                       {shutdown,1000},
                       {child_type,worker}]

[error_logger:info,2015-12-14T19:19:53.889Z,couchdb_ns_1@127.0.0.1:error_logger<0.6.0>:ale_error_logger_handler:do_log:203]
=========================PROGRESS REPORT=========================
          supervisor: {local,ns_couchdb_sup}
             started: [{pid,<0.206.0>},
                       {name,ns_couchdb_stats_collector},
                       {mfargs,{ns_couchdb_stats_collector,start_link,[]}},
                       {restart_type,permanent},
                       {shutdown,1000},
                       {child_type,worker}]

[error_logger:info,2015-12-14T19:19:53.900Z,couchdb_ns_1@127.0.0.1:error_logger<0.6.0>:ale_error_logger_handler:do_log:203]
=========================PROGRESS REPORT=========================
          supervisor: {local,ns_couchdb_config_sup}
             started: [{pid,<0.208.0>},
                       {name,ns_config_events},
                       {mfargs,
                           {gen_event,start_link,[{local,ns_config_events}]}},
                       {restart_type,permanent},
                       {shutdown,1000},
                       {child_type,worker}]

[error_logger:info,2015-12-14T19:19:53.900Z,couchdb_ns_1@127.0.0.1:error_logger<0.6.0>:ale_error_logger_handler:do_log:203]
=========================PROGRESS REPORT=========================
          supervisor: {local,ns_couchdb_config_sup}
             started: [{pid,<0.209.0>},
                       {name,ns_config_events_local},
                       {mfargs,
                           {gen_event,start_link,
                               [{local,ns_config_events_local}]}},
                       {restart_type,permanent},
                       {shutdown,brutal_kill},
                       {child_type,worker}]

[error_logger:info,2015-12-14T19:19:53.915Z,couchdb_ns_1@127.0.0.1:error_logger<0.6.0>:ale_error_logger_handler:do_log:203]
=========================PROGRESS REPORT=========================
          supervisor: {local,ns_couchdb_config_sup}
             started: [{pid,<0.210.0>},
                       {name,ns_config},
                       {mfargs,
                           {ns_config,start_link,
                               [{pull_from_node,'ns_1@127.0.0.1'}]}},
                       {restart_type,permanent},
                       {shutdown,1000},
                       {child_type,worker}]

[error_logger:info,2015-12-14T19:19:53.921Z,couchdb_ns_1@127.0.0.1:error_logger<0.6.0>:ale_error_logger_handler:do_log:203]
=========================PROGRESS REPORT=========================
          supervisor: {local,ns_couchdb_config_sup}
             started: [{pid,<0.213.0>},
                       {name,ns_couchdb_config_rep},
                       {mfargs,{ns_couchdb_config_rep,start_link,[]}},
                       {restart_type,permanent},
                       {shutdown,1000},
                       {child_type,worker}]

[error_logger:info,2015-12-14T19:19:53.930Z,couchdb_ns_1@127.0.0.1:error_logger<0.6.0>:ale_error_logger_handler:do_log:203]
=========================PROGRESS REPORT=========================
          supervisor: {local,ns_couchdb_config_sup}
             started: [{pid,<0.214.0>},
                       {name,cb_config_couch_sync},
                       {mfargs,{cb_config_couch_sync,start_link,[]}},
                       {restart_type,permanent},
                       {shutdown,1000},
                       {child_type,worker}]

[error_logger:info,2015-12-14T19:19:53.931Z,couchdb_ns_1@127.0.0.1:error_logger<0.6.0>:ale_error_logger_handler:do_log:203]
=========================PROGRESS REPORT=========================
          supervisor: {local,ns_couchdb_sup}
             started: [{pid,<0.207.0>},
                       {name,ns_couchdb_config_sup},
                       {mfargs,{ns_couchdb_config_sup,start_link,[]}},
                       {restart_type,permanent},
                       {shutdown,infinity},
                       {child_type,supervisor}]

[error_logger:info,2015-12-14T19:19:53.941Z,couchdb_ns_1@127.0.0.1:error_logger<0.6.0>:ale_error_logger_handler:do_log:203]
=========================PROGRESS REPORT=========================
          supervisor: {local,ns_couchdb_sup}
             started: [{pid,<0.216.0>},
                       {name,request_throttler},
                       {mfargs,{request_throttler,start_link,[]}},
                       {restart_type,permanent},
                       {shutdown,1000},
                       {child_type,worker}]

[error_logger:info,2015-12-14T19:19:53.950Z,couchdb_ns_1@127.0.0.1:error_logger<0.6.0>:ale_error_logger_handler:do_log:203]
=========================PROGRESS REPORT=========================
          supervisor: {local,ns_couchdb_sup}
             started: [{pid,<0.217.0>},
                       {name,vbucket_map_mirror},
                       {mfargs,{vbucket_map_mirror,start_link,[]}},
                       {restart_type,permanent},
                       {shutdown,brutal_kill},
                       {child_type,worker}]

[ns_server:info,2015-12-14T19:19:53.958Z,couchdb_ns_1@127.0.0.1:set_view_update_daemon<0.219.0>:set_view_update_daemon:init:50]Set view update daemon, starting with the following settings:
  update interval:           5000ms
  minimum number of changes: 5000

[error_logger:info,2015-12-14T19:19:53.961Z,couchdb_ns_1@127.0.0.1:error_logger<0.6.0>:ale_error_logger_handler:do_log:203]
=========================PROGRESS REPORT=========================
          supervisor: {local,kernel_safe_sup}
             started: [{pid,<0.221.0>},
                       {name,timer2_server},
                       {mfargs,{timer2,start_link,[]}},
                       {restart_type,permanent},
                       {shutdown,1000},
                       {child_type,worker}]

[error_logger:info,2015-12-14T19:19:53.961Z,couchdb_ns_1@127.0.0.1:error_logger<0.6.0>:ale_error_logger_handler:do_log:203]
=========================PROGRESS REPORT=========================
          supervisor: {local,ns_couchdb_sup}
             started: [{pid,<0.219.0>},
                       {name,set_view_update_daemon},
                       {mfargs,{set_view_update_daemon,start_link,[]}},
                       {restart_type,permanent},
                       {shutdown,1000},
                       {child_type,worker}]

[error_logger:info,2015-12-14T19:19:54.006Z,couchdb_ns_1@127.0.0.1:error_logger<0.6.0>:ale_error_logger_handler:do_log:203]
=========================PROGRESS REPORT=========================
          supervisor: {local,ns_couchdb_sup}
             started: [{pid,<0.222.0>},
                       {name,ns_capi_ssl_service},
                       {mfargs,
                           {restartable,start_link,
                               [{ns_ssl_services_setup,
                                    start_link_capi_service,[]},
                                1000]}},
                       {restart_type,{permanent,4}},
                       {shutdown,infinity},
                       {child_type,worker}]

[ns_server:info,2015-12-14T19:19:54.011Z,couchdb_ns_1@127.0.0.1:ns_couchdb_sup<0.79.0>:dir_size:start_link:39]Starting quick version of dir_size with program name: godu
[error_logger:info,2015-12-14T19:19:54.012Z,couchdb_ns_1@127.0.0.1:error_logger<0.6.0>:ale_error_logger_handler:do_log:203]
=========================PROGRESS REPORT=========================
          supervisor: {local,ns_couchdb_sup}
             started: [{pid,<0.240.0>},
                       {name,dir_size},
                       {mfargs,{dir_size,start_link,[]}},
                       {restart_type,permanent},
                       {shutdown,1000},
                       {child_type,worker}]

[error_logger:info,2015-12-14T19:19:54.013Z,couchdb_ns_1@127.0.0.1:error_logger<0.6.0>:ale_error_logger_handler:do_log:203]
=========================PROGRESS REPORT=========================
         application: ns_couchdb
          started_at: 'couchdb_ns_1@127.0.0.1'

[ns_server:debug,2015-12-14T19:19:54.013Z,couchdb_ns_1@127.0.0.1:<0.2.0>:child_erlang:child_loop:115]107: Entered child_loop
[ns_server:debug,2015-12-14T19:19:55.821Z,couchdb_ns_1@127.0.0.1:xdc_rdoc_manager<0.247.0>:ns_couchdb_api:register_doc_manager:298]Register doc manager with <4786.339.0>
[ns_server:debug,2015-12-14T19:19:55.821Z,couchdb_ns_1@127.0.0.1:xdc_rdoc_manager<0.247.0>:ns_couchdb_api:register_doc_manager:298]Register doc manager with <4786.340.0>
[ns_server:debug,2015-12-14T19:19:55.821Z,couchdb_ns_1@127.0.0.1:xdc_rdoc_manager<0.247.0>:ns_couchdb_api:register_doc_manager:298]Register doc manager with <4786.337.0>
[ns_server:debug,2015-12-14T19:19:55.844Z,couchdb_ns_1@127.0.0.1:xdc_rdoc_manager<0.247.0>:xdc_rdoc_manager:open_or_create_replicator_db:225]Replicator db did not exist, create a new one
[ns_server:debug,2015-12-14T19:19:55.865Z,couchdb_ns_1@127.0.0.1:xdc_rdoc_manager<0.247.0>:xdc_rdoc_manager:init:75]Loaded the following docs:
[]
[ns_server:debug,2015-12-14T19:19:58.605Z,couchdb_ns_1@127.0.0.1:<0.222.0>:restartable:loop:71]Restarting child <0.223.0>
  MFA: {ns_ssl_services_setup,start_link_capi_service,[]}
  Shutdown policy: 1000
  Caller: {<0.257.0>,#Ref<0.0.0.588>}

[ns_server:info,2015-12-14T19:20:11.366Z,couchdb_ns_1@127.0.0.1:<0.40.0>:ns_couchdb:init_logging:120]Brought up ns_couchdb logging
[ns_server:debug,2015-12-14T19:20:11.384Z,couchdb_ns_1@127.0.0.1:<0.40.0>:dist_manager:configure_net_kernel:255]Set net_kernel vebosity to 10 -> 0
[ns_server:info,2015-12-14T19:20:11.386Z,couchdb_ns_1@127.0.0.1:<0.40.0>:ns_couchdb:start:46]CouchDB node 'couchdb_ns_1@127.0.0.1' was initialized for 'ns_1@127.0.0.1'. Cookie: eozgttdgqzjfaiiz
[error_logger:info,2015-12-14T19:20:11.451Z,couchdb_ns_1@127.0.0.1:error_logger<0.6.0>:ale_error_logger_handler:do_log:203]
=========================PROGRESS REPORT=========================
          supervisor: {local,cb_couch_sup}
             started: [{pid,<0.81.0>},
                       {name,cb_auth_info},
                       {mfargs,{cb_auth_info,start_link,[]}},
                       {restart_type,permanent},
                       {shutdown,brutal_kill},
                       {child_type,worker}]

[error_logger:info,2015-12-14T19:20:11.483Z,couchdb_ns_1@127.0.0.1:error_logger<0.6.0>:ale_error_logger_handler:do_log:203]
=========================PROGRESS REPORT=========================
          supervisor: {local,crypto_sup}
             started: [{pid,<0.86.0>},
                       {name,crypto_server},
                       {mfargs,{crypto_server,start_link,[]}},
                       {restart_type,permanent},
                       {shutdown,2000},
                       {child_type,worker}]

[error_logger:info,2015-12-14T19:20:11.483Z,couchdb_ns_1@127.0.0.1:error_logger<0.6.0>:ale_error_logger_handler:do_log:203]
=========================PROGRESS REPORT=========================
         application: crypto
          started_at: 'couchdb_ns_1@127.0.0.1'

[error_logger:info,2015-12-14T19:20:11.490Z,couchdb_ns_1@127.0.0.1:error_logger<0.6.0>:ale_error_logger_handler:do_log:203]
=========================PROGRESS REPORT=========================
         application: asn1
          started_at: 'couchdb_ns_1@127.0.0.1'

[error_logger:info,2015-12-14T19:20:11.503Z,couchdb_ns_1@127.0.0.1:error_logger<0.6.0>:ale_error_logger_handler:do_log:203]
=========================PROGRESS REPORT=========================
         application: public_key
          started_at: 'couchdb_ns_1@127.0.0.1'

[error_logger:info,2015-12-14T19:20:11.511Z,couchdb_ns_1@127.0.0.1:error_logger<0.6.0>:ale_error_logger_handler:do_log:203]
=========================PROGRESS REPORT=========================
          supervisor: {local,sasl_safe_sup}
             started: [{pid,<0.94.0>},
                       {name,alarm_handler},
                       {mfargs,{alarm_handler,start_link,[]}},
                       {restart_type,permanent},
                       {shutdown,2000},
                       {child_type,worker}]

[error_logger:info,2015-12-14T19:20:11.516Z,couchdb_ns_1@127.0.0.1:error_logger<0.6.0>:ale_error_logger_handler:do_log:203]
=========================PROGRESS REPORT=========================
          supervisor: {local,sasl_safe_sup}
             started: [{pid,<0.95.0>},
                       {name,overload},
                       {mfargs,{overload,start_link,[]}},
                       {restart_type,permanent},
                       {shutdown,2000},
                       {child_type,worker}]

[error_logger:info,2015-12-14T19:20:11.516Z,couchdb_ns_1@127.0.0.1:error_logger<0.6.0>:ale_error_logger_handler:do_log:203]
=========================PROGRESS REPORT=========================
          supervisor: {local,sasl_sup}
             started: [{pid,<0.93.0>},
                       {name,sasl_safe_sup},
                       {mfargs,
                           {supervisor,start_link,
                               [{local,sasl_safe_sup},sasl,safe]}},
                       {restart_type,permanent},
                       {shutdown,infinity},
                       {child_type,supervisor}]

[error_logger:info,2015-12-14T19:20:11.536Z,couchdb_ns_1@127.0.0.1:error_logger<0.6.0>:ale_error_logger_handler:do_log:203]
=========================PROGRESS REPORT=========================
          supervisor: {local,sasl_sup}
             started: [{pid,<0.96.0>},
                       {name,release_handler},
                       {mfargs,{release_handler,start_link,[]}},
                       {restart_type,permanent},
                       {shutdown,2000},
                       {child_type,worker}]

[error_logger:info,2015-12-14T19:20:11.536Z,couchdb_ns_1@127.0.0.1:error_logger<0.6.0>:ale_error_logger_handler:do_log:203]
=========================PROGRESS REPORT=========================
         application: sasl
          started_at: 'couchdb_ns_1@127.0.0.1'

[error_logger:info,2015-12-14T19:20:11.550Z,couchdb_ns_1@127.0.0.1:error_logger<0.6.0>:ale_error_logger_handler:do_log:203]
=========================PROGRESS REPORT=========================
          supervisor: {local,inets_sup}
             started: [{pid,<0.102.0>},
                       {name,ftp_sup},
                       {mfargs,{ftp_sup,start_link,[]}},
                       {restart_type,permanent},
                       {shutdown,infinity},
                       {child_type,supervisor}]

[error_logger:info,2015-12-14T19:20:11.608Z,couchdb_ns_1@127.0.0.1:error_logger<0.6.0>:ale_error_logger_handler:do_log:203]
=========================PROGRESS REPORT=========================
          supervisor: {local,httpc_profile_sup}
             started: [{pid,<0.105.0>},
                       {name,httpc_manager},
                       {mfargs,
                           {httpc_manager,start_link,
                               [default,only_session_cookies,inets]}},
                       {restart_type,permanent},
                       {shutdown,4000},
                       {child_type,worker}]

[error_logger:info,2015-12-14T19:20:11.608Z,couchdb_ns_1@127.0.0.1:error_logger<0.6.0>:ale_error_logger_handler:do_log:203]
=========================PROGRESS REPORT=========================
          supervisor: {local,httpc_sup}
             started: [{pid,<0.104.0>},
                       {name,httpc_profile_sup},
                       {mfargs,
                           {httpc_profile_sup,start_link,
                               [[{httpc,{default,only_session_cookies}}]]}},
                       {restart_type,permanent},
                       {shutdown,infinity},
                       {child_type,supervisor}]

[error_logger:info,2015-12-14T19:20:11.612Z,couchdb_ns_1@127.0.0.1:error_logger<0.6.0>:ale_error_logger_handler:do_log:203]
=========================PROGRESS REPORT=========================
          supervisor: {local,httpc_sup}
             started: [{pid,<0.106.0>},
                       {name,httpc_handler_sup},
                       {mfargs,{httpc_handler_sup,start_link,[]}},
                       {restart_type,permanent},
                       {shutdown,infinity},
                       {child_type,supervisor}]

[error_logger:info,2015-12-14T19:20:11.613Z,couchdb_ns_1@127.0.0.1:error_logger<0.6.0>:ale_error_logger_handler:do_log:203]
=========================PROGRESS REPORT=========================
          supervisor: {local,inets_sup}
             started: [{pid,<0.103.0>},
                       {name,httpc_sup},
                       {mfargs,
                           {httpc_sup,start_link,
                               [[{httpc,{default,only_session_cookies}}]]}},
                       {restart_type,permanent},
                       {shutdown,infinity},
                       {child_type,supervisor}]

[error_logger:info,2015-12-14T19:20:11.617Z,couchdb_ns_1@127.0.0.1:error_logger<0.6.0>:ale_error_logger_handler:do_log:203]
=========================PROGRESS REPORT=========================
          supervisor: {local,inets_sup}
             started: [{pid,<0.107.0>},
                       {name,httpd_sup},
                       {mfargs,{httpd_sup,start_link,[[]]}},
                       {restart_type,permanent},
                       {shutdown,infinity},
                       {child_type,supervisor}]

[error_logger:info,2015-12-14T19:20:11.634Z,couchdb_ns_1@127.0.0.1:error_logger<0.6.0>:ale_error_logger_handler:do_log:203]
=========================PROGRESS REPORT=========================
          supervisor: {local,inets_sup}
             started: [{pid,<0.108.0>},
                       {name,tftp_sup},
                       {mfargs,{tftp_sup,start_link,[[]]}},
                       {restart_type,permanent},
                       {shutdown,infinity},
                       {child_type,supervisor}]

[error_logger:info,2015-12-14T19:20:11.634Z,couchdb_ns_1@127.0.0.1:error_logger<0.6.0>:ale_error_logger_handler:do_log:203]
=========================PROGRESS REPORT=========================
         application: inets
          started_at: 'couchdb_ns_1@127.0.0.1'

[error_logger:info,2015-12-14T19:20:11.634Z,couchdb_ns_1@127.0.0.1:error_logger<0.6.0>:ale_error_logger_handler:do_log:203]
=========================PROGRESS REPORT=========================
         application: oauth
          started_at: 'couchdb_ns_1@127.0.0.1'

[error_logger:info,2015-12-14T19:20:11.668Z,couchdb_ns_1@127.0.0.1:error_logger<0.6.0>:ale_error_logger_handler:do_log:203]
=========================PROGRESS REPORT=========================
          supervisor: {local,ssl_sup}
             started: [{pid,<0.114.0>},
                       {name,ssl_manager},
                       {mfargs,{ssl_manager,start_link,[[]]}},
                       {restart_type,permanent},
                       {shutdown,4000},
                       {child_type,worker}]

[error_logger:info,2015-12-14T19:20:11.671Z,couchdb_ns_1@127.0.0.1:error_logger<0.6.0>:ale_error_logger_handler:do_log:203]
=========================PROGRESS REPORT=========================
          supervisor: {local,ssl_sup}
             started: [{pid,<0.115.0>},
                       {name,tls_connection},
                       {mfargs,{tls_connection_sup,start_link,[]}},
                       {restart_type,permanent},
                       {shutdown,4000},
                       {child_type,supervisor}]

[error_logger:info,2015-12-14T19:20:11.672Z,couchdb_ns_1@127.0.0.1:error_logger<0.6.0>:ale_error_logger_handler:do_log:203]
=========================PROGRESS REPORT=========================
         application: ssl
          started_at: 'couchdb_ns_1@127.0.0.1'

[error_logger:info,2015-12-14T19:20:11.694Z,couchdb_ns_1@127.0.0.1:error_logger<0.6.0>:ale_error_logger_handler:do_log:203]
=========================PROGRESS REPORT=========================
          supervisor: {local,lhttpc_sup}
             started: [{pid,<0.120.0>},
                       {name,lhttpc_manager},
                       {mfargs,
                           {lhttpc_manager,start_link,
                               [[{name,lhttpc_manager}]]}},
                       {restart_type,permanent},
                       {shutdown,10000},
                       {child_type,worker}]

[error_logger:info,2015-12-14T19:20:11.694Z,couchdb_ns_1@127.0.0.1:error_logger<0.6.0>:ale_error_logger_handler:do_log:203]
=========================PROGRESS REPORT=========================
         application: lhttpc
          started_at: 'couchdb_ns_1@127.0.0.1'

[error_logger:info,2015-12-14T19:20:11.698Z,couchdb_ns_1@127.0.0.1:error_logger<0.6.0>:ale_error_logger_handler:do_log:203]
=========================PROGRESS REPORT=========================
         application: xmerl
          started_at: 'couchdb_ns_1@127.0.0.1'

[error_logger:info,2015-12-14T19:20:11.713Z,couchdb_ns_1@127.0.0.1:error_logger<0.6.0>:ale_error_logger_handler:do_log:203]
=========================PROGRESS REPORT=========================
         application: compiler
          started_at: 'couchdb_ns_1@127.0.0.1'

[error_logger:info,2015-12-14T19:20:11.716Z,couchdb_ns_1@127.0.0.1:error_logger<0.6.0>:ale_error_logger_handler:do_log:203]
=========================PROGRESS REPORT=========================
         application: syntax_tools
          started_at: 'couchdb_ns_1@127.0.0.1'

[error_logger:info,2015-12-14T19:20:11.716Z,couchdb_ns_1@127.0.0.1:error_logger<0.6.0>:ale_error_logger_handler:do_log:203]
=========================PROGRESS REPORT=========================
         application: mochiweb
          started_at: 'couchdb_ns_1@127.0.0.1'

[error_logger:info,2015-12-14T19:20:11.733Z,couchdb_ns_1@127.0.0.1:error_logger<0.6.0>:ale_error_logger_handler:do_log:203]
=========================PROGRESS REPORT=========================
          supervisor: {local,os_mon_sup}
             started: [{pid,<0.129.0>},
                       {name,disksup},
                       {mfargs,{disksup,start_link,[]}},
                       {restart_type,permanent},
                       {shutdown,2000},
                       {child_type,worker}]

[error_logger:info,2015-12-14T19:20:11.748Z,couchdb_ns_1@127.0.0.1:error_logger<0.6.0>:ale_error_logger_handler:do_log:203]
=========================PROGRESS REPORT=========================
          supervisor: {local,os_mon_sup}
             started: [{pid,<0.130.0>},
                       {name,memsup},
                       {mfargs,{memsup,start_link,[]}},
                       {restart_type,permanent},
                       {shutdown,2000},
                       {child_type,worker}]

[error_logger:info,2015-12-14T19:20:11.767Z,couchdb_ns_1@127.0.0.1:error_logger<0.6.0>:ale_error_logger_handler:do_log:203]
=========================PROGRESS REPORT=========================
          supervisor: {local,os_mon_sup}
             started: [{pid,<0.132.0>},
                       {name,cpu_sup},
                       {mfargs,{cpu_sup,start_link,[]}},
                       {restart_type,permanent},
                       {shutdown,2000},
                       {child_type,worker}]

[error_logger:info,2015-12-14T19:20:11.768Z,couchdb_ns_1@127.0.0.1:error_logger<0.6.0>:ale_error_logger_handler:do_log:203]
=========================PROGRESS REPORT=========================
         application: os_mon
          started_at: 'couchdb_ns_1@127.0.0.1'

[error_logger:info,2015-12-14T19:20:11.781Z,couchdb_ns_1@127.0.0.1:error_logger<0.6.0>:ale_error_logger_handler:do_log:203]
=========================PROGRESS REPORT=========================
         application: couch_view_parser
          started_at: 'couchdb_ns_1@127.0.0.1'

[error_logger:info,2015-12-14T19:20:11.787Z,couchdb_ns_1@127.0.0.1:error_logger<0.6.0>:ale_error_logger_handler:do_log:203]
=========================PROGRESS REPORT=========================
         application: couch_set_view
          started_at: 'couchdb_ns_1@127.0.0.1'

[error_logger:info,2015-12-14T19:20:11.810Z,couchdb_ns_1@127.0.0.1:error_logger<0.6.0>:ale_error_logger_handler:do_log:203]
=========================PROGRESS REPORT=========================
         application: couch_index_merger
          started_at: 'couchdb_ns_1@127.0.0.1'

[error_logger:info,2015-12-14T19:20:11.815Z,couchdb_ns_1@127.0.0.1:error_logger<0.6.0>:ale_error_logger_handler:do_log:203]
=========================PROGRESS REPORT=========================
         application: mapreduce
          started_at: 'couchdb_ns_1@127.0.0.1'

[error_logger:info,2015-12-14T19:20:11.954Z,couchdb_ns_1@127.0.0.1:error_logger<0.6.0>:ale_error_logger_handler:do_log:203]
=========================PROGRESS REPORT=========================
          supervisor: {local,couch_server_sup}
             started: [{pid,<0.139.0>},
                       {name,couch_config},
                       {mfargs,
                           {couch_server_sup,couch_config_start_link_wrapper,
                               [["/opt/couchbase/etc/couchdb/default.ini",
                                 "/opt/couchbase/etc/couchdb/default.d/capi.ini",
                                 "/opt/couchbase/etc/couchdb/default.d/geocouch.ini",
                                 "/opt/couchbase/etc/couchdb/local.ini"],
                                <0.139.0>]}},
                       {restart_type,permanent},
                       {shutdown,brutal_kill},
                       {child_type,worker}]

[error_logger:info,2015-12-14T19:20:11.958Z,couchdb_ns_1@127.0.0.1:error_logger<0.6.0>:ale_error_logger_handler:do_log:203]
=========================PROGRESS REPORT=========================
          supervisor: {local,couch_primary_services}
             started: [{pid,<0.142.0>},
                       {name,couch_task_events},
                       {mfargs,
                           {gen_event,start_link,[{local,couch_task_events}]}},
                       {restart_type,permanent},
                       {shutdown,brutal_kill},
                       {child_type,worker}]

[error_logger:info,2015-12-14T19:20:11.974Z,couchdb_ns_1@127.0.0.1:error_logger<0.6.0>:ale_error_logger_handler:do_log:203]
=========================PROGRESS REPORT=========================
          supervisor: {local,couch_primary_services}
             started: [{pid,<0.143.0>},
                       {name,couch_task_status},
                       {mfargs,{couch_task_status,start_link,[]}},
                       {restart_type,permanent},
                       {shutdown,brutal_kill},
                       {child_type,worker}]

[error_logger:info,2015-12-14T19:20:11.988Z,couchdb_ns_1@127.0.0.1:error_logger<0.6.0>:ale_error_logger_handler:do_log:203]
=========================PROGRESS REPORT=========================
          supervisor: {local,couch_primary_services}
             started: [{pid,<0.144.0>},
                       {name,couch_file_write_guard},
                       {mfargs,{couch_file_write_guard,sup_start_link,[]}},
                       {restart_type,permanent},
                       {shutdown,10000},
                       {child_type,worker}]

[error_logger:info,2015-12-14T19:20:12.013Z,couchdb_ns_1@127.0.0.1:error_logger<0.6.0>:ale_error_logger_handler:do_log:203]
=========================PROGRESS REPORT=========================
          supervisor: {local,kernel_safe_sup}
             started: [{pid,<0.146.0>},
                       {name,timer_server},
                       {mfargs,{timer,start_link,[]}},
                       {restart_type,permanent},
                       {shutdown,1000},
                       {child_type,worker}]

[error_logger:info,2015-12-14T19:20:12.021Z,couchdb_ns_1@127.0.0.1:error_logger<0.6.0>:ale_error_logger_handler:do_log:203]
=========================PROGRESS REPORT=========================
          supervisor: {local,couch_primary_services}
             started: [{pid,<0.145.0>},
                       {name,couch_server},
                       {mfargs,{couch_server,sup_start_link,[]}},
                       {restart_type,permanent},
                       {shutdown,brutal_kill},
                       {child_type,worker}]

[error_logger:info,2015-12-14T19:20:12.021Z,couchdb_ns_1@127.0.0.1:error_logger<0.6.0>:ale_error_logger_handler:do_log:203]
=========================PROGRESS REPORT=========================
          supervisor: {local,couch_primary_services}
             started: [{pid,<0.147.0>},
                       {name,couch_db_update_event},
                       {mfargs,
                           {gen_event,start_link,[{local,couch_db_update}]}},
                       {restart_type,permanent},
                       {shutdown,brutal_kill},
                       {child_type,worker}]

[error_logger:info,2015-12-14T19:20:12.021Z,couchdb_ns_1@127.0.0.1:error_logger<0.6.0>:ale_error_logger_handler:do_log:203]
=========================PROGRESS REPORT=========================
          supervisor: {local,couch_primary_services}
             started: [{pid,<0.148.0>},
                       {name,couch_replication_event},
                       {mfargs,
                           {gen_event,start_link,[{local,couch_replication}]}},
                       {restart_type,permanent},
                       {shutdown,brutal_kill},
                       {child_type,worker}]

[error_logger:info,2015-12-14T19:20:12.026Z,couchdb_ns_1@127.0.0.1:error_logger<0.6.0>:ale_error_logger_handler:do_log:203]
=========================PROGRESS REPORT=========================
          supervisor: {local,couch_primary_services}
             started: [{pid,<0.149.0>},
                       {name,couch_replication_supervisor},
                       {mfargs,{couch_rep_sup,start_link,[]}},
                       {restart_type,permanent},
                       {shutdown,infinity},
                       {child_type,supervisor}]

[error_logger:info,2015-12-14T19:20:12.032Z,couchdb_ns_1@127.0.0.1:error_logger<0.6.0>:ale_error_logger_handler:do_log:203]
=========================PROGRESS REPORT=========================
          supervisor: {local,couch_primary_services}
             started: [{pid,<0.150.0>},
                       {name,couch_log},
                       {mfargs,{couch_log,start_link,[]}},
                       {restart_type,permanent},
                       {shutdown,brutal_kill},
                       {child_type,worker}]

[error_logger:info,2015-12-14T19:20:12.043Z,couchdb_ns_1@127.0.0.1:error_logger<0.6.0>:ale_error_logger_handler:do_log:203]
=========================PROGRESS REPORT=========================
          supervisor: {local,couch_primary_services}
             started: [{pid,<0.151.0>},
                       {name,couch_main_index_barrier},
                       {mfargs,
                           {couch_index_barrier,start_link,
                               [couch_main_index_barrier,
                                "max_parallel_indexers"]}},
                       {restart_type,permanent},
                       {shutdown,brutal_kill},
                       {child_type,worker}]

[error_logger:info,2015-12-14T19:20:12.044Z,couchdb_ns_1@127.0.0.1:error_logger<0.6.0>:ale_error_logger_handler:do_log:203]
=========================PROGRESS REPORT=========================
          supervisor: {local,couch_primary_services}
             started: [{pid,<0.152.0>},
                       {name,couch_replica_index_barrier},
                       {mfargs,
                           {couch_index_barrier,start_link,
                               [couch_replica_index_barrier,
                                "max_parallel_replica_indexers"]}},
                       {restart_type,permanent},
                       {shutdown,brutal_kill},
                       {child_type,worker}]

[error_logger:info,2015-12-14T19:20:12.044Z,couchdb_ns_1@127.0.0.1:error_logger<0.6.0>:ale_error_logger_handler:do_log:203]
=========================PROGRESS REPORT=========================
          supervisor: {local,couch_primary_services}
             started: [{pid,<0.153.0>},
                       {name,couch_spatial_index_barrier},
                       {mfargs,
                           {couch_index_barrier,start_link,
                               [couch_spatial_index_barrier,
                                "max_parallel_spatial_indexers"]}},
                       {restart_type,permanent},
                       {shutdown,brutal_kill},
                       {child_type,worker}]

[error_logger:info,2015-12-14T19:20:12.044Z,couchdb_ns_1@127.0.0.1:error_logger<0.6.0>:ale_error_logger_handler:do_log:203]
=========================PROGRESS REPORT=========================
          supervisor: {local,couch_server_sup}
             started: [{pid,<0.141.0>},
                       {name,couch_primary_services},
                       {mfargs,{couch_primary_sup,start_link,[]}},
                       {restart_type,permanent},
                       {shutdown,infinity},
                       {child_type,supervisor}]

[error_logger:info,2015-12-14T19:20:12.058Z,couchdb_ns_1@127.0.0.1:error_logger<0.6.0>:ale_error_logger_handler:do_log:203]
=========================PROGRESS REPORT=========================
          supervisor: {local,couch_secondary_services}
             started: [{pid,<0.155.0>},
                       {name,couch_db_update_notifier_sup},
                       {mfargs,{couch_db_update_notifier_sup,start_link,[]}},
                       {restart_type,permanent},
                       {shutdown,infinity},
                       {child_type,supervisor}]

[error_logger:info,2015-12-14T19:20:12.094Z,couchdb_ns_1@127.0.0.1:error_logger<0.6.0>:ale_error_logger_handler:do_log:203]
=========================PROGRESS REPORT=========================
          supervisor: {local,couch_secondary_services}
             started: [{pid,<0.156.0>},
                       {name,spatial_view_manager_dev},
                       {mfargs,{couch_set_view,start_link,[dev,spatial_view]}},
                       {restart_type,permanent},
                       {shutdown,brutal_kill},
                       {child_type,worker}]

[error_logger:info,2015-12-14T19:20:12.095Z,couchdb_ns_1@127.0.0.1:error_logger<0.6.0>:ale_error_logger_handler:do_log:203]
=========================PROGRESS REPORT=========================
          supervisor: {local,couch_secondary_services}
             started: [{pid,<0.159.0>},
                       {name,index_merger_pool},
                       {mfargs,
                           {lhttpc_manager,start_link,
                               [[{connection_timeout,90000},
                                 {pool_size,10000},
                                 {name,couch_index_merger_connection_pool}]]}},
                       {restart_type,permanent},
                       {shutdown,brutal_kill},
                       {child_type,worker}]

[error_logger:info,2015-12-14T19:20:12.103Z,couchdb_ns_1@127.0.0.1:error_logger<0.6.0>:ale_error_logger_handler:do_log:203]
=========================PROGRESS REPORT=========================
          supervisor: {local,couch_secondary_services}
             started: [{pid,<0.160.0>},
                       {name,query_servers},
                       {mfargs,{couch_query_servers,start_link,[]}},
                       {restart_type,permanent},
                       {shutdown,brutal_kill},
                       {child_type,worker}]

[error_logger:info,2015-12-14T19:20:12.111Z,couchdb_ns_1@127.0.0.1:error_logger<0.6.0>:ale_error_logger_handler:do_log:203]
=========================PROGRESS REPORT=========================
          supervisor: {local,couch_secondary_services}
             started: [{pid,<0.162.0>},
                       {name,couch_set_view_ddoc_cache},
                       {mfargs,{couch_set_view_ddoc_cache,start_link,[]}},
                       {restart_type,permanent},
                       {shutdown,brutal_kill},
                       {child_type,worker}]

[error_logger:info,2015-12-14T19:20:12.129Z,couchdb_ns_1@127.0.0.1:error_logger<0.6.0>:ale_error_logger_handler:do_log:203]
=========================PROGRESS REPORT=========================
          supervisor: {local,couch_secondary_services}
             started: [{pid,<0.164.0>},
                       {name,view_manager},
                       {mfargs,{couch_view,start_link,[]}},
                       {restart_type,permanent},
                       {shutdown,brutal_kill},
                       {child_type,worker}]

[error_logger:info,2015-12-14T19:20:12.150Z,couchdb_ns_1@127.0.0.1:error_logger<0.6.0>:ale_error_logger_handler:do_log:203]
=========================PROGRESS REPORT=========================
          supervisor: {local,couch_secondary_services}
             started: [{pid,<0.166.0>},
                       {name,uuids},
                       {mfargs,{couch_uuids,start,[]}},
                       {restart_type,permanent},
                       {shutdown,brutal_kill},
                       {child_type,worker}]

[error_logger:info,2015-12-14T19:20:12.153Z,couchdb_ns_1@127.0.0.1:error_logger<0.6.0>:ale_error_logger_handler:do_log:203]
=========================PROGRESS REPORT=========================
          supervisor: {local,couch_secondary_services}
             started: [{pid,<0.168.0>},
                       {name,spatial_view_manager},
                       {mfargs,
                           {couch_set_view,start_link,[prod,spatial_view]}},
                       {restart_type,permanent},
                       {shutdown,brutal_kill},
                       {child_type,worker}]

[error_logger:info,2015-12-14T19:20:12.186Z,couchdb_ns_1@127.0.0.1:error_logger<0.6.0>:ale_error_logger_handler:do_log:203]
=========================PROGRESS REPORT=========================
          supervisor: {local,couch_secondary_services}
             started: [{pid,<0.170.0>},
                       {name,httpd},
                       {mfargs,{couch_httpd,start_link,[]}},
                       {restart_type,permanent},
                       {shutdown,brutal_kill},
                       {child_type,worker}]

[error_logger:info,2015-12-14T19:20:12.199Z,couchdb_ns_1@127.0.0.1:error_logger<0.6.0>:ale_error_logger_handler:do_log:203]
=========================PROGRESS REPORT=========================
          supervisor: {local,couch_secondary_services}
             started: [{pid,<0.187.0>},
                       {name,set_view_manager_dev},
                       {mfargs,
                           {couch_set_view,start_link,[dev,mapreduce_view]}},
                       {restart_type,permanent},
                       {shutdown,brutal_kill},
                       {child_type,worker}]

[error_logger:info,2015-12-14T19:20:12.259Z,couchdb_ns_1@127.0.0.1:error_logger<0.6.0>:ale_error_logger_handler:do_log:203]
=========================PROGRESS REPORT=========================
          supervisor: {local,couch_secondary_services}
             started: [{pid,<0.189.0>},
                       {name,auth_cache},
                       {mfargs,{couch_auth_cache,start_link,[]}},
                       {restart_type,permanent},
                       {shutdown,brutal_kill},
                       {child_type,worker}]

[error_logger:info,2015-12-14T19:20:12.263Z,couchdb_ns_1@127.0.0.1:error_logger<0.6.0>:ale_error_logger_handler:do_log:203]
=========================PROGRESS REPORT=========================
          supervisor: {local,couch_secondary_services}
             started: [{pid,<0.198.0>},
                       {name,set_view_manager},
                       {mfargs,
                           {couch_set_view,start_link,[prod,mapreduce_view]}},
                       {restart_type,permanent},
                       {shutdown,brutal_kill},
                       {child_type,worker}]

[error_logger:info,2015-12-14T19:20:12.263Z,couchdb_ns_1@127.0.0.1:error_logger<0.6.0>:ale_error_logger_handler:do_log:203]
=========================PROGRESS REPORT=========================
          supervisor: {local,couch_server_sup}
             started: [{pid,<0.154.0>},
                       {name,couch_secondary_services},
                       {mfargs,{couch_secondary_sup,start_link,[]}},
                       {restart_type,permanent},
                       {shutdown,infinity},
                       {child_type,supervisor}]

[error_logger:info,2015-12-14T19:20:12.264Z,couchdb_ns_1@127.0.0.1:error_logger<0.6.0>:ale_error_logger_handler:do_log:203]
=========================PROGRESS REPORT=========================
          supervisor: {local,cb_couch_sup}
             started: [{pid,<0.140.0>},
                       {name,couch_app},
                       {mfargs,
                           {couch_app,start,
                               [fake,
                                ["/opt/couchbase/etc/couchdb/default.ini",
                                 "/opt/couchbase/etc/couchdb/local.ini"]]}},
                       {restart_type,permanent},
                       {shutdown,infinity},
                       {child_type,supervisor}]

[error_logger:info,2015-12-14T19:20:12.264Z,couchdb_ns_1@127.0.0.1:error_logger<0.6.0>:ale_error_logger_handler:do_log:203]
=========================PROGRESS REPORT=========================
          supervisor: {local,ns_couchdb_sup}
             started: [{pid,<0.79.0>},
                       {name,cb_couch_sup},
                       {mfargs,{cb_couch_sup,start_link,[]}},
                       {restart_type,permanent},
                       {shutdown,5000},
                       {child_type,supervisor}]

[error_logger:info,2015-12-14T19:20:12.282Z,couchdb_ns_1@127.0.0.1:error_logger<0.6.0>:ale_error_logger_handler:do_log:203]
=========================PROGRESS REPORT=========================
          supervisor: {local,ns_couchdb_sup}
             started: [{pid,<0.201.0>},
                       {name,ns_memcached_sockets_pool},
                       {mfargs,{ns_memcached_sockets_pool,start_link,[]}},
                       {restart_type,permanent},
                       {shutdown,1000},
                       {child_type,worker}]

[error_logger:info,2015-12-14T19:20:12.286Z,couchdb_ns_1@127.0.0.1:error_logger<0.6.0>:ale_error_logger_handler:do_log:203]
=========================PROGRESS REPORT=========================
          supervisor: {local,ns_couchdb_sup}
             started: [{pid,<0.202.0>},
                       {name,xdcr_dcp_sockets_pool},
                       {mfargs,{xdcr_dcp_sockets_pool,start_link,[]}},
                       {restart_type,permanent},
                       {shutdown,1000},
                       {child_type,worker}]

[error_logger:info,2015-12-14T19:20:12.290Z,couchdb_ns_1@127.0.0.1:error_logger<0.6.0>:ale_error_logger_handler:do_log:203]
=========================PROGRESS REPORT=========================
          supervisor: {local,ns_couchdb_sup}
             started: [{pid,<0.203.0>},
                       {name,ns_couchdb_stats_collector},
                       {mfargs,{ns_couchdb_stats_collector,start_link,[]}},
                       {restart_type,permanent},
                       {shutdown,1000},
                       {child_type,worker}]

[error_logger:info,2015-12-14T19:20:12.300Z,couchdb_ns_1@127.0.0.1:error_logger<0.6.0>:ale_error_logger_handler:do_log:203]
=========================PROGRESS REPORT=========================
          supervisor: {local,ns_couchdb_config_sup}
             started: [{pid,<0.205.0>},
                       {name,ns_config_events},
                       {mfargs,
                           {gen_event,start_link,[{local,ns_config_events}]}},
                       {restart_type,permanent},
                       {shutdown,1000},
                       {child_type,worker}]

[error_logger:info,2015-12-14T19:20:12.300Z,couchdb_ns_1@127.0.0.1:error_logger<0.6.0>:ale_error_logger_handler:do_log:203]
=========================PROGRESS REPORT=========================
          supervisor: {local,ns_couchdb_config_sup}
             started: [{pid,<0.206.0>},
                       {name,ns_config_events_local},
                       {mfargs,
                           {gen_event,start_link,
                               [{local,ns_config_events_local}]}},
                       {restart_type,permanent},
                       {shutdown,brutal_kill},
                       {child_type,worker}]

[error_logger:info,2015-12-14T19:20:12.321Z,couchdb_ns_1@127.0.0.1:error_logger<0.6.0>:ale_error_logger_handler:do_log:203]
=========================PROGRESS REPORT=========================
          supervisor: {local,ns_couchdb_config_sup}
             started: [{pid,<0.207.0>},
                       {name,ns_config},
                       {mfargs,
                           {ns_config,start_link,
                               [{pull_from_node,'ns_1@127.0.0.1'}]}},
                       {restart_type,permanent},
                       {shutdown,1000},
                       {child_type,worker}]

[error_logger:info,2015-12-14T19:20:12.324Z,couchdb_ns_1@127.0.0.1:error_logger<0.6.0>:ale_error_logger_handler:do_log:203]
=========================PROGRESS REPORT=========================
          supervisor: {local,ns_couchdb_config_sup}
             started: [{pid,<0.210.0>},
                       {name,ns_couchdb_config_rep},
                       {mfargs,{ns_couchdb_config_rep,start_link,[]}},
                       {restart_type,permanent},
                       {shutdown,1000},
                       {child_type,worker}]

[error_logger:info,2015-12-14T19:20:12.341Z,couchdb_ns_1@127.0.0.1:error_logger<0.6.0>:ale_error_logger_handler:do_log:203]
=========================PROGRESS REPORT=========================
          supervisor: {local,ns_couchdb_config_sup}
             started: [{pid,<0.211.0>},
                       {name,cb_config_couch_sync},
                       {mfargs,{cb_config_couch_sync,start_link,[]}},
                       {restart_type,permanent},
                       {shutdown,1000},
                       {child_type,worker}]

[error_logger:info,2015-12-14T19:20:12.341Z,couchdb_ns_1@127.0.0.1:error_logger<0.6.0>:ale_error_logger_handler:do_log:203]
=========================PROGRESS REPORT=========================
          supervisor: {local,ns_couchdb_sup}
             started: [{pid,<0.204.0>},
                       {name,ns_couchdb_config_sup},
                       {mfargs,{ns_couchdb_config_sup,start_link,[]}},
                       {restart_type,permanent},
                       {shutdown,infinity},
                       {child_type,supervisor}]

[error_logger:info,2015-12-14T19:20:12.358Z,couchdb_ns_1@127.0.0.1:error_logger<0.6.0>:ale_error_logger_handler:do_log:203]
=========================PROGRESS REPORT=========================
          supervisor: {local,ns_couchdb_sup}
             started: [{pid,<0.213.0>},
                       {name,request_throttler},
                       {mfargs,{request_throttler,start_link,[]}},
                       {restart_type,permanent},
                       {shutdown,1000},
                       {child_type,worker}]

[error_logger:info,2015-12-14T19:20:12.362Z,couchdb_ns_1@127.0.0.1:error_logger<0.6.0>:ale_error_logger_handler:do_log:203]
=========================PROGRESS REPORT=========================
          supervisor: {local,ns_couchdb_sup}
             started: [{pid,<0.214.0>},
                       {name,vbucket_map_mirror},
                       {mfargs,{vbucket_map_mirror,start_link,[]}},
                       {restart_type,permanent},
                       {shutdown,brutal_kill},
                       {child_type,worker}]

[ns_server:info,2015-12-14T19:20:12.368Z,couchdb_ns_1@127.0.0.1:set_view_update_daemon<0.216.0>:set_view_update_daemon:init:50]Set view update daemon, starting with the following settings:
  update interval:           5000ms
  minimum number of changes: 5000

[error_logger:info,2015-12-14T19:20:12.371Z,couchdb_ns_1@127.0.0.1:error_logger<0.6.0>:ale_error_logger_handler:do_log:203]
=========================PROGRESS REPORT=========================
          supervisor: {local,kernel_safe_sup}
             started: [{pid,<0.218.0>},
                       {name,timer2_server},
                       {mfargs,{timer2,start_link,[]}},
                       {restart_type,permanent},
                       {shutdown,1000},
                       {child_type,worker}]

[error_logger:info,2015-12-14T19:20:12.371Z,couchdb_ns_1@127.0.0.1:error_logger<0.6.0>:ale_error_logger_handler:do_log:203]
=========================PROGRESS REPORT=========================
          supervisor: {local,ns_couchdb_sup}
             started: [{pid,<0.216.0>},
                       {name,set_view_update_daemon},
                       {mfargs,{set_view_update_daemon,start_link,[]}},
                       {restart_type,permanent},
                       {shutdown,1000},
                       {child_type,worker}]

[error_logger:info,2015-12-14T19:20:12.414Z,couchdb_ns_1@127.0.0.1:error_logger<0.6.0>:ale_error_logger_handler:do_log:203]
=========================PROGRESS REPORT=========================
          supervisor: {local,ns_couchdb_sup}
             started: [{pid,<0.219.0>},
                       {name,ns_capi_ssl_service},
                       {mfargs,
                           {restartable,start_link,
                               [{ns_ssl_services_setup,
                                    start_link_capi_service,[]},
                                1000]}},
                       {restart_type,{permanent,4}},
                       {shutdown,infinity},
                       {child_type,worker}]

[ns_server:info,2015-12-14T19:20:12.420Z,couchdb_ns_1@127.0.0.1:ns_couchdb_sup<0.78.0>:dir_size:start_link:39]Starting quick version of dir_size with program name: godu
[error_logger:info,2015-12-14T19:20:12.420Z,couchdb_ns_1@127.0.0.1:error_logger<0.6.0>:ale_error_logger_handler:do_log:203]
=========================PROGRESS REPORT=========================
          supervisor: {local,ns_couchdb_sup}
             started: [{pid,<0.237.0>},
                       {name,dir_size},
                       {mfargs,{dir_size,start_link,[]}},
                       {restart_type,permanent},
                       {shutdown,1000},
                       {child_type,worker}]

[error_logger:info,2015-12-14T19:20:12.421Z,couchdb_ns_1@127.0.0.1:error_logger<0.6.0>:ale_error_logger_handler:do_log:203]
=========================PROGRESS REPORT=========================
         application: ns_couchdb
          started_at: 'couchdb_ns_1@127.0.0.1'

[ns_server:debug,2015-12-14T19:20:12.421Z,couchdb_ns_1@127.0.0.1:<0.2.0>:child_erlang:child_loop:115]216: Entered child_loop
[ns_server:debug,2015-12-14T19:20:12.666Z,couchdb_ns_1@127.0.0.1:xdc_rdoc_manager<0.242.0>:ns_couchdb_api:register_doc_manager:298]Register doc manager with <4970.669.0>
[ns_server:debug,2015-12-14T19:20:12.666Z,couchdb_ns_1@127.0.0.1:xdc_rdoc_manager<0.242.0>:ns_couchdb_api:register_doc_manager:298]Register doc manager with <4970.670.0>
[ns_server:debug,2015-12-14T19:20:12.666Z,couchdb_ns_1@127.0.0.1:xdc_rdoc_manager<0.242.0>:ns_couchdb_api:register_doc_manager:298]Register doc manager with <4970.667.0>
[ns_server:debug,2015-12-14T19:20:12.686Z,couchdb_ns_1@127.0.0.1:xdc_rdoc_manager<0.242.0>:xdc_rdoc_manager:init:75]Loaded the following docs:
[]
[ns_server:debug,2015-12-14T19:20:43.115Z,couchdb_ns_1@127.0.0.1:capi_ddoc_manager-default<0.270.0>:ns_couchdb_api:register_doc_manager:298]Register doc manager with <4970.950.0>
[ns_server:debug,2015-12-14T19:20:43.115Z,couchdb_ns_1@127.0.0.1:capi_ddoc_manager-default<0.270.0>:ns_couchdb_api:register_doc_manager:298]Register doc manager with <4970.951.0>
[error_logger:info,2015-12-14T19:20:43.250Z,couchdb_ns_1@127.0.0.1:error_logger<0.6.0>:ale_error_logger_handler:do_log:203]
=========================PROGRESS REPORT=========================
          supervisor: {local,inet_gethost_native_sup}
             started: [{pid,<0.285.0>},{mfa,{inet_gethost_native,init,[[]]}}]

[error_logger:info,2015-12-14T19:20:43.250Z,couchdb_ns_1@127.0.0.1:error_logger<0.6.0>:ale_error_logger_handler:do_log:203]
=========================PROGRESS REPORT=========================
          supervisor: {local,kernel_safe_sup}
             started: [{pid,<0.284.0>},
                       {name,inet_gethost_native_sup},
                       {mfargs,{inet_gethost_native,start_link,[]}},
                       {restart_type,temporary},
                       {shutdown,1000},
                       {child_type,worker}]

[ns_server:debug,2015-12-14T19:20:43.678Z,couchdb_ns_1@127.0.0.1:<0.282.0>:capi_set_view_manager:wait_for_bucket_to_start:190]Engine for bucket "default" is created in memcached
[ns_server:debug,2015-12-14T19:21:02.726Z,couchdb_ns_1@127.0.0.1:capi_ddoc_manager-catalogue-assemblage<0.330.0>:ns_couchdb_api:register_doc_manager:298]Register doc manager with <4970.1323.0>
[ns_server:debug,2015-12-14T19:21:02.726Z,couchdb_ns_1@127.0.0.1:capi_ddoc_manager-catalogue-assemblage<0.330.0>:ns_couchdb_api:register_doc_manager:298]Register doc manager with <4970.1324.0>
[ns_server:debug,2015-12-14T19:21:03.235Z,couchdb_ns_1@127.0.0.1:capi_set_view_manager-catalogue-assemblage<0.333.0>:capi_set_view_manager:wait_for_bucket_to_start:205]Waiting for engine to start. Bucket: "catalogue-assemblage", Wait time: 500 ms.
[ns_server:debug,2015-12-14T19:21:03.236Z,couchdb_ns_1@127.0.0.1:<0.348.0>:capi_set_view_manager:wait_for_bucket_to_start:190]Engine for bucket "catalogue-assemblage" is created in memcached
[ns_server:info,2015-12-14T19:21:10.029Z,couchdb_ns_1@127.0.0.1:<0.375.0>:ns_couchdb_storage:delete_couch_database:69]Deleting database <<"default/master">>: ok

[ns_server:info,2015-12-14T19:21:10.029Z,couchdb_ns_1@127.0.0.1:<0.375.0>:ns_couchdb_storage:delete_databases_and_files:34]Couch dbs are deleted. Proceeding with bucket directory
[error_logger:info,2015-12-14T19:21:11.751Z,couchdb_ns_1@127.0.0.1:error_logger<0.6.0>:ale_error_logger_handler:do_log:203]
=========================INFO REPORT=========================
       alarm_handler: {set,{system_memory_high_watermark,[]}}

[ns_server:info,2015-12-14T19:21:12.831Z,couchdb_ns_1@127.0.0.1:<0.382.0>:ns_couchdb_api:handle_rpc:259]Cleaning up indexes for bucket `catalogue-assemblage`
[ns_server:debug,2015-12-14T19:21:14.620Z,couchdb_ns_1@127.0.0.1:<0.288.0>:ns_pubsub:do_subscribe_link:145]Parent process of subscription {'capi_ddoc_manager_events-default',<0.280.0>} exited with reason shutdown
[ns_server:debug,2015-12-14T19:21:14.621Z,couchdb_ns_1@127.0.0.1:<0.271.0>:ns_pubsub:do_subscribe_link:145]Parent process of subscription {ns_config_events,<0.270.0>} exited with reason shutdown
[ns_server:debug,2015-12-14T19:21:29.420Z,couchdb_ns_1@127.0.0.1:capi_ddoc_manager-catalogue-vente<0.416.0>:ns_couchdb_api:register_doc_manager:298]Register doc manager with <4970.1844.0>
[ns_server:debug,2015-12-14T19:21:29.420Z,couchdb_ns_1@127.0.0.1:capi_ddoc_manager-catalogue-vente<0.416.0>:ns_couchdb_api:register_doc_manager:298]Register doc manager with <4970.1845.0>
[ns_server:debug,2015-12-14T19:21:29.931Z,couchdb_ns_1@127.0.0.1:capi_set_view_manager-catalogue-vente<0.419.0>:capi_set_view_manager:wait_for_bucket_to_start:205]Waiting for engine to start. Bucket: "catalogue-vente", Wait time: 500 ms.
[ns_server:debug,2015-12-14T19:21:29.932Z,couchdb_ns_1@127.0.0.1:<0.436.0>:capi_set_view_manager:wait_for_bucket_to_start:190]Engine for bucket "catalogue-vente" is created in memcached
[ns_server:info,2015-12-14T19:21:42.862Z,couchdb_ns_1@127.0.0.1:<0.480.0>:ns_couchdb_api:handle_rpc:259]Cleaning up indexes for bucket `catalogue-vente`
[ns_server:info,2015-12-14T19:21:42.869Z,couchdb_ns_1@127.0.0.1:<0.482.0>:ns_couchdb_api:handle_rpc:259]Cleaning up indexes for bucket `catalogue-assemblage`
[ns_server:info,2015-12-14T19:22:12.874Z,couchdb_ns_1@127.0.0.1:<0.562.0>:ns_couchdb_api:handle_rpc:259]Cleaning up indexes for bucket `catalogue-vente`
[ns_server:info,2015-12-14T19:22:12.878Z,couchdb_ns_1@127.0.0.1:<0.564.0>:ns_couchdb_api:handle_rpc:259]Cleaning up indexes for bucket `catalogue-assemblage`
[ns_server:info,2015-12-14T19:22:42.882Z,couchdb_ns_1@127.0.0.1:<0.644.0>:ns_couchdb_api:handle_rpc:259]Cleaning up indexes for bucket `catalogue-vente`
[ns_server:info,2015-12-14T19:22:42.886Z,couchdb_ns_1@127.0.0.1:<0.646.0>:ns_couchdb_api:handle_rpc:259]Cleaning up indexes for bucket `catalogue-assemblage`
[ns_server:info,2015-12-14T19:23:12.891Z,couchdb_ns_1@127.0.0.1:<0.726.0>:ns_couchdb_api:handle_rpc:259]Cleaning up indexes for bucket `catalogue-vente`
[ns_server:info,2015-12-14T19:23:12.896Z,couchdb_ns_1@127.0.0.1:<0.728.0>:ns_couchdb_api:handle_rpc:259]Cleaning up indexes for bucket `catalogue-assemblage`
[ns_server:info,2015-12-14T19:23:42.901Z,couchdb_ns_1@127.0.0.1:<0.809.0>:ns_couchdb_api:handle_rpc:259]Cleaning up indexes for bucket `catalogue-vente`
[ns_server:info,2015-12-14T19:23:42.906Z,couchdb_ns_1@127.0.0.1:<0.811.0>:ns_couchdb_api:handle_rpc:259]Cleaning up indexes for bucket `catalogue-assemblage`
[ns_server:info,2015-12-14T19:24:12.916Z,couchdb_ns_1@127.0.0.1:<0.891.0>:ns_couchdb_api:handle_rpc:259]Cleaning up indexes for bucket `catalogue-vente`
[ns_server:info,2015-12-14T19:24:12.934Z,couchdb_ns_1@127.0.0.1:<0.893.0>:ns_couchdb_api:handle_rpc:259]Cleaning up indexes for bucket `catalogue-assemblage`
[ns_server:info,2015-12-14T19:24:42.950Z,couchdb_ns_1@127.0.0.1:<0.973.0>:ns_couchdb_api:handle_rpc:259]Cleaning up indexes for bucket `catalogue-vente`
[ns_server:info,2015-12-14T19:24:42.954Z,couchdb_ns_1@127.0.0.1:<0.975.0>:ns_couchdb_api:handle_rpc:259]Cleaning up indexes for bucket `catalogue-assemblage`
[ns_server:info,2015-12-14T19:25:12.959Z,couchdb_ns_1@127.0.0.1:<0.1055.0>:ns_couchdb_api:handle_rpc:259]Cleaning up indexes for bucket `catalogue-vente`
[ns_server:info,2015-12-14T19:25:12.963Z,couchdb_ns_1@127.0.0.1:<0.1057.0>:ns_couchdb_api:handle_rpc:259]Cleaning up indexes for bucket `catalogue-assemblage`
[ns_server:info,2015-12-14T19:25:42.968Z,couchdb_ns_1@127.0.0.1:<0.1137.0>:ns_couchdb_api:handle_rpc:259]Cleaning up indexes for bucket `catalogue-vente`
[ns_server:info,2015-12-14T19:25:42.973Z,couchdb_ns_1@127.0.0.1:<0.1139.0>:ns_couchdb_api:handle_rpc:259]Cleaning up indexes for bucket `catalogue-assemblage`
[ns_server:info,2015-12-14T19:26:12.978Z,couchdb_ns_1@127.0.0.1:<0.1219.0>:ns_couchdb_api:handle_rpc:259]Cleaning up indexes for bucket `catalogue-vente`
[ns_server:info,2015-12-14T19:26:12.983Z,couchdb_ns_1@127.0.0.1:<0.1221.0>:ns_couchdb_api:handle_rpc:259]Cleaning up indexes for bucket `catalogue-assemblage`
[ns_server:info,2015-12-14T19:26:42.988Z,couchdb_ns_1@127.0.0.1:<0.1302.0>:ns_couchdb_api:handle_rpc:259]Cleaning up indexes for bucket `catalogue-vente`
[ns_server:info,2015-12-14T19:26:42.993Z,couchdb_ns_1@127.0.0.1:<0.1304.0>:ns_couchdb_api:handle_rpc:259]Cleaning up indexes for bucket `catalogue-assemblage`
[ns_server:info,2015-12-14T19:27:12.998Z,couchdb_ns_1@127.0.0.1:<0.1384.0>:ns_couchdb_api:handle_rpc:259]Cleaning up indexes for bucket `catalogue-vente`
[ns_server:info,2015-12-14T19:27:13.002Z,couchdb_ns_1@127.0.0.1:<0.1386.0>:ns_couchdb_api:handle_rpc:259]Cleaning up indexes for bucket `catalogue-assemblage`
[ns_server:info,2015-12-14T19:27:43.009Z,couchdb_ns_1@127.0.0.1:<0.1466.0>:ns_couchdb_api:handle_rpc:259]Cleaning up indexes for bucket `catalogue-vente`
[ns_server:info,2015-12-14T19:27:43.021Z,couchdb_ns_1@127.0.0.1:<0.1468.0>:ns_couchdb_api:handle_rpc:259]Cleaning up indexes for bucket `catalogue-assemblage`
[ns_server:info,2015-12-14T19:28:12.026Z,couchdb_ns_1@127.0.0.1:<0.1542.0>:ns_couchdb_api:handle_rpc:259]Cleaning up indexes for bucket `catalogue-vente`
[ns_server:info,2015-12-14T19:28:12.030Z,couchdb_ns_1@127.0.0.1:<0.1544.0>:ns_couchdb_api:handle_rpc:259]Cleaning up indexes for bucket `catalogue-assemblage`
[ns_server:info,2015-12-14T19:28:42.039Z,couchdb_ns_1@127.0.0.1:<0.1624.0>:ns_couchdb_api:handle_rpc:259]Cleaning up indexes for bucket `catalogue-vente`
[ns_server:info,2015-12-14T19:28:42.058Z,couchdb_ns_1@127.0.0.1:<0.1626.0>:ns_couchdb_api:handle_rpc:259]Cleaning up indexes for bucket `catalogue-assemblage`
[ns_server:info,2015-12-14T19:29:12.064Z,couchdb_ns_1@127.0.0.1:<0.1706.0>:ns_couchdb_api:handle_rpc:259]Cleaning up indexes for bucket `catalogue-vente`
[ns_server:info,2015-12-14T19:29:12.079Z,couchdb_ns_1@127.0.0.1:<0.1708.0>:ns_couchdb_api:handle_rpc:259]Cleaning up indexes for bucket `catalogue-assemblage`
[ns_server:info,2015-12-14T19:29:42.086Z,couchdb_ns_1@127.0.0.1:<0.1789.0>:ns_couchdb_api:handle_rpc:259]Cleaning up indexes for bucket `catalogue-vente`
[ns_server:info,2015-12-14T19:29:42.101Z,couchdb_ns_1@127.0.0.1:<0.1791.0>:ns_couchdb_api:handle_rpc:259]Cleaning up indexes for bucket `catalogue-assemblage`
[ns_server:info,2015-12-14T19:30:12.110Z,couchdb_ns_1@127.0.0.1:<0.1871.0>:ns_couchdb_api:handle_rpc:259]Cleaning up indexes for bucket `catalogue-vente`
[ns_server:info,2015-12-14T19:30:12.121Z,couchdb_ns_1@127.0.0.1:<0.1873.0>:ns_couchdb_api:handle_rpc:259]Cleaning up indexes for bucket `catalogue-assemblage`
[ns_server:info,2015-12-14T19:30:42.135Z,couchdb_ns_1@127.0.0.1:<0.1953.0>:ns_couchdb_api:handle_rpc:259]Cleaning up indexes for bucket `catalogue-vente`
[ns_server:info,2015-12-14T19:30:42.149Z,couchdb_ns_1@127.0.0.1:<0.1955.0>:ns_couchdb_api:handle_rpc:259]Cleaning up indexes for bucket `catalogue-assemblage`
[ns_server:info,2015-12-14T19:31:12.159Z,couchdb_ns_1@127.0.0.1:<0.2035.0>:ns_couchdb_api:handle_rpc:259]Cleaning up indexes for bucket `catalogue-vente`
[ns_server:info,2015-12-14T19:31:12.172Z,couchdb_ns_1@127.0.0.1:<0.2037.0>:ns_couchdb_api:handle_rpc:259]Cleaning up indexes for bucket `catalogue-assemblage`
[ns_server:info,2015-12-14T19:31:42.180Z,couchdb_ns_1@127.0.0.1:<0.2117.0>:ns_couchdb_api:handle_rpc:259]Cleaning up indexes for bucket `catalogue-vente`
[ns_server:info,2015-12-14T19:31:42.193Z,couchdb_ns_1@127.0.0.1:<0.2119.0>:ns_couchdb_api:handle_rpc:259]Cleaning up indexes for bucket `catalogue-assemblage`
[ns_server:info,2015-12-14T19:32:12.201Z,couchdb_ns_1@127.0.0.1:<0.2199.0>:ns_couchdb_api:handle_rpc:259]Cleaning up indexes for bucket `catalogue-vente`
[ns_server:info,2015-12-14T19:32:12.208Z,couchdb_ns_1@127.0.0.1:<0.2201.0>:ns_couchdb_api:handle_rpc:259]Cleaning up indexes for bucket `catalogue-assemblage`
[ns_server:info,2015-12-14T19:32:42.214Z,couchdb_ns_1@127.0.0.1:<0.2282.0>:ns_couchdb_api:handle_rpc:259]Cleaning up indexes for bucket `catalogue-vente`
[ns_server:info,2015-12-14T19:32:42.225Z,couchdb_ns_1@127.0.0.1:<0.2284.0>:ns_couchdb_api:handle_rpc:259]Cleaning up indexes for bucket `catalogue-assemblage`
[ns_server:info,2015-12-14T19:33:12.242Z,couchdb_ns_1@127.0.0.1:<0.2364.0>:ns_couchdb_api:handle_rpc:259]Cleaning up indexes for bucket `catalogue-vente`
[ns_server:info,2015-12-14T19:33:12.262Z,couchdb_ns_1@127.0.0.1:<0.2366.0>:ns_couchdb_api:handle_rpc:259]Cleaning up indexes for bucket `catalogue-assemblage`
[ns_server:info,2015-12-14T19:33:42.272Z,couchdb_ns_1@127.0.0.1:<0.2446.0>:ns_couchdb_api:handle_rpc:259]Cleaning up indexes for bucket `catalogue-vente`
[ns_server:info,2015-12-14T19:33:42.292Z,couchdb_ns_1@127.0.0.1:<0.2448.0>:ns_couchdb_api:handle_rpc:259]Cleaning up indexes for bucket `catalogue-assemblage`
