2015-12-14T19:20:43.684+00:00 [Info] Projector started with command line: [/opt/couchbase/bin/projector -kvaddrs=127.0.0.1:11210 -adminport=:9999 -diagDir=/opt/couchbase/var/lib/couchbase/crash 127.0.0.1:8091]
2015-12-14T19:20:43.697+00:00 [Info] Parsing the args
2015-12-14T19:20:43.699+00:00 [Info] uid: 1000; gid: 1000; hostname: 2ee049e9f806
2015-12-14T19:20:43.699+00:00 [Info] amd64 linux; cpus: 1; GOMAXPROCS: 1; version: go1.4.2
2015-12-14T19:20:43.711+00:00 [Info] amd64 linux; cpus: 1; GOMAXPROCS: 1; version: go1.4.2
2015-12-14T19:20:43.712+00:00 [Info] PROJ[:9999] started ...
2015-12-14T19:20:43.712+00:00 [Info] pram[:9999] registered /adminport/vbmapRequest
2015-12-14T19:20:43.712+00:00 [Info] pram[:9999] registered /adminport/failoverLogRequest
2015-12-14T19:20:43.712+00:00 [Info] pram[:9999] registered /adminport/mutationTopicRequest
2015-12-14T19:20:43.712+00:00 [Info] pram[:9999] registered /adminport/restartVbucketsRequest
2015-12-14T19:20:43.712+00:00 [Info] pram[:9999] registered /adminport/shutdownVbucketsRequest
2015-12-14T19:20:43.712+00:00 [Info] pram[:9999] registered /adminport/addBucketsRequest
2015-12-14T19:20:43.712+00:00 [Info] pram[:9999] registered /adminport/delBucketsRequest
2015-12-14T19:20:43.712+00:00 [Info] pram[:9999] registered /adminport/addInstancesRequest
2015-12-14T19:20:43.712+00:00 [Info] pram[:9999] registered /adminport/delInstancesRequest
2015-12-14T19:20:43.712+00:00 [Info] pram[:9999] registered /adminport/repairEndpointsRequest
2015-12-14T19:20:43.712+00:00 [Info] pram[:9999] registered /adminport/shutdownTopicRequest
2015-12-14T19:20:43.712+00:00 [Info] pram[:9999] registered /adminport/stats
2015-12-14T19:20:43.712+00:00 [Info] pram[:9999] registered handler-func /stats
2015-12-14T19:20:43.712+00:00 [Info] pram[:9999] registered handler-func /settings
2015-12-14T19:20:43.712+00:00 [Info] pram[:9999] registered handler-func /debug/pprof
2015-12-14T19:20:43.712+00:00 [Info] pram[:9999] registered handler-obj /debug/pprof/block
2015-12-14T19:20:43.712+00:00 [Info] pram[:9999] registered handler-obj /debug/pprof/goroutine
2015-12-14T19:20:43.712+00:00 [Info] pram[:9999] registered handler-obj /debug/pprof/heap
2015-12-14T19:20:43.712+00:00 [Info] pram[:9999] registered handler-obj /debug/pprof/threadcreate
2015-12-14T19:20:43.712+00:00 [Info] pram[:9999] registered handler-obj /debug/pprof/profile
2015-12-14T19:20:43.712+00:00 [Info] pram[:9999] starting ...
2015-12-14T19:20:43.714+00:00 [Info] New settings received: 
{"indexer.settings.compaction.interval":"00:00,00:00","indexer.settings.persisted_snapshot.interval":5000,"indexer.settings.log_level":"info","indexer.settings.compaction.min_frag":30,"indexer.settings.inmemory_snapshot.interval":200,"indexer.settings.max_cpu_percent":400,"indexer.settings.recovery.max_rollbacks":5,"indexer.settings.memory_quota":268435456}
2015-12-14T19:20:43.715+00:00 [Info] PROJ[:9999] settings notifier from metakv
2015-12-14T19:20:43.715+00:00 [Info] PROJ[:9999] settings indexer.settings.persisted_snapshot.interval will updated to `5000`
2015-12-14T19:20:43.715+00:00 [Info] PROJ[:9999] settings indexer.settings.compaction.check_period will updated to `30`
2015-12-14T19:20:43.715+00:00 [Info] PROJ[:9999] settings indexer.settings.largeSnapshotThreshold will updated to `200`
2015-12-14T19:20:43.715+00:00 [Info] PROJ[:9999] settings indexer.settings.max_cpu_percent will updated to `400`
2015-12-14T19:20:43.715+00:00 [Info] PROJ[:9999] settings indexer.settings.maxVbQueueLength will updated to `0`
2015-12-14T19:20:43.715+00:00 [Info] PROJ[:9999] settings indexer.settings.cpuProfFname will updated to ``
2015-12-14T19:20:43.715+00:00 [Info] PROJ[:9999] settings indexer.settings.statsLogDumpInterval will updated to `60`
2015-12-14T19:20:43.715+00:00 [Info] PROJ[:9999] settings indexer.settings.persisted_snapshot_init_build.interval will updated to `5000`
2015-12-14T19:20:43.715+00:00 [Warn] PROJ[:9999] immutable settings indexer.settings.scan_timeout cannot be update to `120000`
2015-12-14T19:20:43.715+00:00 [Info] PROJ[:9999] settings indexer.settings.compaction.min_size will updated to `524288000`
2015-12-14T19:20:43.715+00:00 [Info] PROJ[:9999] settings indexer.settings.fast_flush_mode will updated to `true`
2015-12-14T19:20:43.715+00:00 [Info] PROJ[:9999] settings indexer.settings.cpuProfile will updated to `false`
2015-12-14T19:20:43.715+00:00 [Info] PROJ[:9999] settings indexer.settings.log_level will updated to `info`
2015-12-14T19:20:43.715+00:00 [Info] PROJ[:9999] settings indexer.settings.wal_size will updated to `4096`
2015-12-14T19:20:43.715+00:00 [Info] PROJ[:9999] settings indexer.settings.smallSnapshotThreshold will updated to `30`
2015-12-14T19:20:43.715+00:00 [Warn] PROJ[:9999] immutable settings indexer.settings.send_buffer_size cannot be update to `1024`
2015-12-14T19:20:43.715+00:00 [Warn] PROJ[:9999] immutable settings queryport.client.settings.poolOverflow cannot be update to `30`
2015-12-14T19:20:43.715+00:00 [Info] PROJ[:9999] settings indexer.settings.recovery.max_rollbacks will updated to `5`
2015-12-14T19:20:43.715+00:00 [Info] PROJ[:9999] settings indexer.settings.memory_quota will updated to `268435456`
2015-12-14T19:20:43.715+00:00 [Warn] PROJ[:9999] immutable settings queryport.client.settings.poolSize cannot be update to `1000`
2015-12-14T19:20:43.715+00:00 [Info] PROJ[:9999] settings indexer.settings.max_writer_lock_prob will updated to `20`
2015-12-14T19:20:43.715+00:00 [Info] PROJ[:9999] settings projector.settings.log_level will updated to `info`
2015-12-14T19:20:43.715+00:00 [Info] PROJ[:9999] settings indexer.settings.sliceBufSize will updated to `50000`
2015-12-14T19:20:43.715+00:00 [Info] PROJ[:9999] settings indexer.settings.bufferPoolBlockSize will updated to `16384`
2015-12-14T19:20:43.715+00:00 [Info] PROJ[:9999] settings indexer.settings.memProfFname will updated to ``
2015-12-14T19:20:43.715+00:00 [Info] PROJ[:9999] settings indexer.settings.compaction.min_frag will updated to `30`
2015-12-14T19:20:43.715+00:00 [Info] PROJ[:9999] settings indexer.settings.inmemory_snapshot.interval will updated to `200`
2015-12-14T19:20:43.715+00:00 [Info] PROJ[:9999] settings indexer.settings.memProfile will updated to `false`
2015-12-14T19:20:43.715+00:00 [Info] PROJ[:9999] settings indexer.settings.compaction.interval will updated to `00:00,00:00`
2015-12-14T19:20:43.715+00:00 [Info] amd64 linux; cpus: 1; GOMAXPROCS: 1; version: go1.4.2
2015-12-14T19:20:44.148+00:00 [Info] pram[:9999] Request "/adminport/shutdownTopicRequest"
2015-12-14T19:20:44.148+00:00 [Info] PROJ[:9999] ##1 doShutdownTopic() "MAINT_STREAM_TOPIC_52:c7:83:17:34:5f:9a:88"
2015-12-14T19:20:44.148+00:00 [Error] PROJ[:9999] ##1 acquireFeed(): projector.topicMissing
2015-12-14T19:20:44.148+00:00 [Info] PROJ[:9999] ##1 doShutdownTopic() returns ...
2015-12-14T19:20:44.158+00:00 [Info] pram[:9999] Request "/adminport/shutdownTopicRequest"
2015-12-14T19:20:44.158+00:00 [Info] PROJ[:9999] ##2 doShutdownTopic() "INIT_STREAM_TOPIC_52:c7:83:17:34:5f:9a:88"
2015-12-14T19:20:44.158+00:00 [Error] PROJ[:9999] ##2 acquireFeed(): projector.topicMissing
2015-12-14T19:20:44.158+00:00 [Info] PROJ[:9999] ##2 doShutdownTopic() returns ...
